2019-05-25 13:21:43.751 - INFO  [nio-3743-exec-1] c.c.a.c.BaseController         : url=/admin/getAll
2019-05-25 13:21:43.752 - INFO  [nio-3743-exec-1] c.c.a.c.BaseController         : method=GET
2019-05-25 13:21:43.753 - INFO  [nio-3743-exec-1] c.c.a.c.BaseController         : ip=0:0:0:0:0:0:0:1
2019-05-25 13:21:43.759 - INFO  [nio-3743-exec-1] c.c.a.c.BaseController         : class_method=cn.coolhao.app.controller.admin.AdminController.getInfo
2019-05-25 13:21:43.763 - INFO  [nio-3743-exec-1] c.c.a.c.BaseController         : args={}
2019-05-25 13:21:43.777 - INFO  [nio-3743-exec-1] c.c.a.c.BaseController         : 自定义注解值=yyyy-MM-dd
2019-05-25 13:21:43.784 - INFO  [nio-3743-exec-1] c.c.a.c.a.AdminController      : 进来getAll
2019-05-25 13:24:29.500 - INFO  [nio-3743-exec-1] c.c.a.c.BaseController         : url=/admin/getAll
2019-05-25 13:24:29.501 - INFO  [nio-3743-exec-1] c.c.a.c.BaseController         : method=GET
2019-05-25 13:24:29.502 - INFO  [nio-3743-exec-1] c.c.a.c.BaseController         : ip=0:0:0:0:0:0:0:1
2019-05-25 13:24:29.502 - INFO  [nio-3743-exec-1] c.c.a.c.BaseController         : class_method=cn.coolhao.app.controller.admin.AdminController.getInfo
2019-05-25 13:24:29.503 - INFO  [nio-3743-exec-1] c.c.a.c.BaseController         : args={}
2019-05-25 13:24:29.504 - INFO  [nio-3743-exec-1] c.c.a.c.BaseController         : 自定义注解值=yyyy-MM-dd
2019-05-25 13:24:29.509 - INFO  [nio-3743-exec-1] c.c.a.c.a.AdminController      : 进来getAll
2019-05-25 13:25:29.232 - INFO  [nio-3743-exec-1] c.c.a.c.BaseController         : url=/admin/getAll
2019-05-25 13:25:29.233 - INFO  [nio-3743-exec-1] c.c.a.c.BaseController         : method=GET
2019-05-25 13:25:29.233 - INFO  [nio-3743-exec-1] c.c.a.c.BaseController         : ip=0:0:0:0:0:0:0:1
2019-05-25 13:25:29.233 - INFO  [nio-3743-exec-1] c.c.a.c.BaseController         : class_method=cn.coolhao.app.controller.admin.AdminController.getInfo
2019-05-25 13:25:29.234 - INFO  [nio-3743-exec-1] c.c.a.c.BaseController         : args={}
2019-05-25 13:25:29.234 - INFO  [nio-3743-exec-1] c.c.a.c.BaseController         : 自定义注解值=yyyy-MM-dd
2019-05-25 13:25:29.244 - INFO  [nio-3743-exec-1] c.c.a.c.a.AdminController      : 进来getAll
2019-05-25 13:25:30.257 - INFO  [nio-3743-exec-1] c.c.a.h.ExceptionHandle        : 【系统异常】={}
org.mybatis.spring.MyBatisSystemException: nested exception is org.apache.ibatis.exceptions.PersistenceException: 
### Error querying database.  Cause: org.springframework.jdbc.CannotGetJdbcConnectionException: Failed to obtain JDBC Connection; nested exception is java.sql.SQLSyntaxErrorException: Unknown database 'story1'
### The error may exist in file [F:\Java项目\Libra\target\classes\mapper\AdminMapper.xml]
### The error may involve cn.coolhao.app.dao.AdminDao.getAll
### The error occurred while executing a query
### Cause: org.springframework.jdbc.CannotGetJdbcConnectionException: Failed to obtain JDBC Connection; nested exception is java.sql.SQLSyntaxErrorException: Unknown database 'story1'
	at org.mybatis.spring.MyBatisExceptionTranslator.translateExceptionIfPossible(MyBatisExceptionTranslator.java:77) ~[mybatis-spring-2.0.0.jar:2.0.0]
	at org.mybatis.spring.SqlSessionTemplate$SqlSessionInterceptor.invoke(SqlSessionTemplate.java:446) ~[mybatis-spring-2.0.0.jar:2.0.0]
	at com.sun.proxy.$Proxy94.selectList(Unknown Source) ~[?:?]
	at org.mybatis.spring.SqlSessionTemplate.selectList(SqlSessionTemplate.java:230) ~[mybatis-spring-2.0.0.jar:2.0.0]
	at org.apache.ibatis.binding.MapperMethod.executeForMany(MapperMethod.java:144) ~[mybatis-3.5.0.jar:3.5.0]
	at org.apache.ibatis.binding.MapperMethod.execute(MapperMethod.java:77) ~[mybatis-3.5.0.jar:3.5.0]
	at org.apache.ibatis.binding.MapperProxy.invoke(MapperProxy.java:58) ~[mybatis-3.5.0.jar:3.5.0]
	at com.sun.proxy.$Proxy126.getAll(Unknown Source) ~[?:?]
	at sun.reflect.NativeMethodAccessorImpl.invoke0(Native Method) ~[?:1.8.0_201]
	at sun.reflect.NativeMethodAccessorImpl.invoke(NativeMethodAccessorImpl.java:62) ~[?:1.8.0_201]
	at sun.reflect.DelegatingMethodAccessorImpl.invoke(DelegatingMethodAccessorImpl.java:43) ~[?:1.8.0_201]
	at java.lang.reflect.Method.invoke(Method.java:498) ~[?:1.8.0_201]
	at org.springframework.aop.support.AopUtils.invokeJoinpointUsingReflection(AopUtils.java:343) ~[spring-aop-5.1.7.RELEASE.jar:5.1.7.RELEASE]
	at org.springframework.aop.framework.ReflectiveMethodInvocation.invokeJoinpoint(ReflectiveMethodInvocation.java:198) ~[spring-aop-5.1.7.RELEASE.jar:5.1.7.RELEASE]
	at org.springframework.aop.framework.ReflectiveMethodInvocation.proceed(ReflectiveMethodInvocation.java:163) ~[spring-aop-5.1.7.RELEASE.jar:5.1.7.RELEASE]
	at org.springframework.dao.support.PersistenceExceptionTranslationInterceptor.invoke(PersistenceExceptionTranslationInterceptor.java:139) ~[spring-tx-5.1.7.RELEASE.jar:5.1.7.RELEASE]
	at org.springframework.aop.framework.ReflectiveMethodInvocation.proceed(ReflectiveMethodInvocation.java:186) ~[spring-aop-5.1.7.RELEASE.jar:5.1.7.RELEASE]
	at org.springframework.aop.framework.JdkDynamicAopProxy.invoke(JdkDynamicAopProxy.java:212) ~[spring-aop-5.1.7.RELEASE.jar:5.1.7.RELEASE]
	at com.sun.proxy.$Proxy127.getAll(Unknown Source) ~[?:?]
	at cn.coolhao.app.service.impl.AdminServiceImpl.getAll(AdminServiceImpl.java:40) ~[classes/:?]
	at cn.coolhao.app.controller.admin.AdminController.getInfo(AdminController.java:49) ~[classes/:?]
	at cn.coolhao.app.controller.admin.AdminController$$FastClassBySpringCGLIB$$e78aac2b.invoke(<generated>) ~[classes/:?]
	at org.springframework.cglib.proxy.MethodProxy.invoke(MethodProxy.java:218) ~[spring-core-5.1.7.RELEASE.jar:5.1.7.RELEASE]
	at org.springframework.aop.framework.CglibAopProxy$CglibMethodInvocation.invokeJoinpoint(CglibAopProxy.java:749) ~[spring-aop-5.1.7.RELEASE.jar:5.1.7.RELEASE]
	at org.springframework.aop.framework.ReflectiveMethodInvocation.proceed(ReflectiveMethodInvocation.java:163) ~[spring-aop-5.1.7.RELEASE.jar:5.1.7.RELEASE]
	at org.springframework.aop.framework.adapter.MethodBeforeAdviceInterceptor.invoke(MethodBeforeAdviceInterceptor.java:56) ~[spring-aop-5.1.7.RELEASE.jar:5.1.7.RELEASE]
	at org.springframework.aop.framework.ReflectiveMethodInvocation.proceed(ReflectiveMethodInvocation.java:175) ~[spring-aop-5.1.7.RELEASE.jar:5.1.7.RELEASE]
	at org.springframework.aop.framework.adapter.MethodBeforeAdviceInterceptor.invoke(MethodBeforeAdviceInterceptor.java:56) ~[spring-aop-5.1.7.RELEASE.jar:5.1.7.RELEASE]
	at org.springframework.aop.framework.ReflectiveMethodInvocation.proceed(ReflectiveMethodInvocation.java:186) ~[spring-aop-5.1.7.RELEASE.jar:5.1.7.RELEASE]
	at org.springframework.aop.framework.adapter.AfterReturningAdviceInterceptor.invoke(AfterReturningAdviceInterceptor.java:55) ~[spring-aop-5.1.7.RELEASE.jar:5.1.7.RELEASE]
	at org.springframework.aop.framework.ReflectiveMethodInvocation.proceed(ReflectiveMethodInvocation.java:186) ~[spring-aop-5.1.7.RELEASE.jar:5.1.7.RELEASE]
	at org.springframework.aop.interceptor.ExposeInvocationInterceptor.invoke(ExposeInvocationInterceptor.java:93) ~[spring-aop-5.1.7.RELEASE.jar:5.1.7.RELEASE]
	at org.springframework.aop.framework.ReflectiveMethodInvocation.proceed(ReflectiveMethodInvocation.java:186) ~[spring-aop-5.1.7.RELEASE.jar:5.1.7.RELEASE]
	at org.springframework.aop.framework.CglibAopProxy$DynamicAdvisedInterceptor.intercept(CglibAopProxy.java:688) ~[spring-aop-5.1.7.RELEASE.jar:5.1.7.RELEASE]
	at cn.coolhao.app.controller.admin.AdminController$$EnhancerBySpringCGLIB$$4747ce44.getInfo(<generated>) ~[classes/:?]
	at sun.reflect.NativeMethodAccessorImpl.invoke0(Native Method) ~[?:1.8.0_201]
	at sun.reflect.NativeMethodAccessorImpl.invoke(NativeMethodAccessorImpl.java:62) ~[?:1.8.0_201]
	at sun.reflect.DelegatingMethodAccessorImpl.invoke(DelegatingMethodAccessorImpl.java:43) ~[?:1.8.0_201]
	at java.lang.reflect.Method.invoke(Method.java:498) ~[?:1.8.0_201]
	at org.springframework.web.method.support.InvocableHandlerMethod.doInvoke(InvocableHandlerMethod.java:190) ~[spring-web-5.1.7.RELEASE.jar:5.1.7.RELEASE]
	at org.springframework.web.method.support.InvocableHandlerMethod.invokeForRequest(InvocableHandlerMethod.java:138) ~[spring-web-5.1.7.RELEASE.jar:5.1.7.RELEASE]
	at org.springframework.web.servlet.mvc.method.annotation.ServletInvocableHandlerMethod.invokeAndHandle(ServletInvocableHandlerMethod.java:104) ~[spring-webmvc-5.1.7.RELEASE.jar:5.1.7.RELEASE]
	at org.springframework.web.servlet.mvc.method.annotation.RequestMappingHandlerAdapter.invokeHandlerMethod(RequestMappingHandlerAdapter.java:892) ~[spring-webmvc-5.1.7.RELEASE.jar:5.1.7.RELEASE]
	at org.springframework.web.servlet.mvc.method.annotation.RequestMappingHandlerAdapter.handleInternal(RequestMappingHandlerAdapter.java:797) ~[spring-webmvc-5.1.7.RELEASE.jar:5.1.7.RELEASE]
	at org.springframework.web.servlet.mvc.method.AbstractHandlerMethodAdapter.handle(AbstractHandlerMethodAdapter.java:87) ~[spring-webmvc-5.1.7.RELEASE.jar:5.1.7.RELEASE]
	at org.springframework.web.servlet.DispatcherServlet.doDispatch(DispatcherServlet.java:1039) [spring-webmvc-5.1.7.RELEASE.jar:5.1.7.RELEASE]
	at org.springframework.web.servlet.DispatcherServlet.doService(DispatcherServlet.java:942) [spring-webmvc-5.1.7.RELEASE.jar:5.1.7.RELEASE]
	at org.springframework.web.servlet.FrameworkServlet.processRequest(FrameworkServlet.java:1005) [spring-webmvc-5.1.7.RELEASE.jar:5.1.7.RELEASE]
	at org.springframework.web.servlet.FrameworkServlet.doGet(FrameworkServlet.java:897) [spring-webmvc-5.1.7.RELEASE.jar:5.1.7.RELEASE]
	at javax.servlet.http.HttpServlet.service(HttpServlet.java:634) [tomcat-embed-core-9.0.19.jar:9.0.19]
	at org.springframework.web.servlet.FrameworkServlet.service(FrameworkServlet.java:882) [spring-webmvc-5.1.7.RELEASE.jar:5.1.7.RELEASE]
	at javax.servlet.http.HttpServlet.service(HttpServlet.java:741) [tomcat-embed-core-9.0.19.jar:9.0.19]
	at org.apache.catalina.core.ApplicationFilterChain.internalDoFilter(ApplicationFilterChain.java:231) [tomcat-embed-core-9.0.19.jar:9.0.19]
	at org.apache.catalina.core.ApplicationFilterChain.doFilter(ApplicationFilterChain.java:166) [tomcat-embed-core-9.0.19.jar:9.0.19]
	at org.apache.tomcat.websocket.server.WsFilter.doFilter(WsFilter.java:53) [tomcat-embed-websocket-9.0.19.jar:9.0.19]
	at org.apache.catalina.core.ApplicationFilterChain.internalDoFilter(ApplicationFilterChain.java:193) [tomcat-embed-core-9.0.19.jar:9.0.19]
	at org.apache.catalina.core.ApplicationFilterChain.doFilter(ApplicationFilterChain.java:166) [tomcat-embed-core-9.0.19.jar:9.0.19]
	at cn.coolhao.app.handle.CorsFilter.doFilter(CorsFilter.java:35) [classes/:?]
	at org.apache.catalina.core.ApplicationFilterChain.internalDoFilter(ApplicationFilterChain.java:193) [tomcat-embed-core-9.0.19.jar:9.0.19]
	at org.apache.catalina.core.ApplicationFilterChain.doFilter(ApplicationFilterChain.java:166) [tomcat-embed-core-9.0.19.jar:9.0.19]
	at org.springframework.web.filter.RequestContextFilter.doFilterInternal(RequestContextFilter.java:99) [spring-web-5.1.7.RELEASE.jar:5.1.7.RELEASE]
	at org.springframework.web.filter.OncePerRequestFilter.doFilter(OncePerRequestFilter.java:107) [spring-web-5.1.7.RELEASE.jar:5.1.7.RELEASE]
	at org.apache.catalina.core.ApplicationFilterChain.internalDoFilter(ApplicationFilterChain.java:193) [tomcat-embed-core-9.0.19.jar:9.0.19]
	at org.apache.catalina.core.ApplicationFilterChain.doFilter(ApplicationFilterChain.java:166) [tomcat-embed-core-9.0.19.jar:9.0.19]
	at org.springframework.web.filter.FormContentFilter.doFilterInternal(FormContentFilter.java:92) [spring-web-5.1.7.RELEASE.jar:5.1.7.RELEASE]
	at org.springframework.web.filter.OncePerRequestFilter.doFilter(OncePerRequestFilter.java:107) [spring-web-5.1.7.RELEASE.jar:5.1.7.RELEASE]
	at org.apache.catalina.core.ApplicationFilterChain.internalDoFilter(ApplicationFilterChain.java:193) [tomcat-embed-core-9.0.19.jar:9.0.19]
	at org.apache.catalina.core.ApplicationFilterChain.doFilter(ApplicationFilterChain.java:166) [tomcat-embed-core-9.0.19.jar:9.0.19]
	at org.springframework.web.filter.HiddenHttpMethodFilter.doFilterInternal(HiddenHttpMethodFilter.java:93) [spring-web-5.1.7.RELEASE.jar:5.1.7.RELEASE]
	at org.springframework.web.filter.OncePerRequestFilter.doFilter(OncePerRequestFilter.java:107) [spring-web-5.1.7.RELEASE.jar:5.1.7.RELEASE]
	at org.apache.catalina.core.ApplicationFilterChain.internalDoFilter(ApplicationFilterChain.java:193) [tomcat-embed-core-9.0.19.jar:9.0.19]
	at org.apache.catalina.core.ApplicationFilterChain.doFilter(ApplicationFilterChain.java:166) [tomcat-embed-core-9.0.19.jar:9.0.19]
	at org.springframework.web.filter.CharacterEncodingFilter.doFilterInternal(CharacterEncodingFilter.java:200) [spring-web-5.1.7.RELEASE.jar:5.1.7.RELEASE]
	at org.springframework.web.filter.OncePerRequestFilter.doFilter(OncePerRequestFilter.java:107) [spring-web-5.1.7.RELEASE.jar:5.1.7.RELEASE]
	at org.apache.catalina.core.ApplicationFilterChain.internalDoFilter(ApplicationFilterChain.java:193) [tomcat-embed-core-9.0.19.jar:9.0.19]
	at org.apache.catalina.core.ApplicationFilterChain.doFilter(ApplicationFilterChain.java:166) [tomcat-embed-core-9.0.19.jar:9.0.19]
	at org.apache.catalina.core.StandardWrapperValve.invoke(StandardWrapperValve.java:200) [tomcat-embed-core-9.0.19.jar:9.0.19]
	at org.apache.catalina.core.StandardContextValve.invoke(StandardContextValve.java:96) [tomcat-embed-core-9.0.19.jar:9.0.19]
	at org.apache.catalina.authenticator.AuthenticatorBase.invoke(AuthenticatorBase.java:490) [tomcat-embed-core-9.0.19.jar:9.0.19]
	at org.apache.catalina.core.StandardHostValve.invoke(StandardHostValve.java:139) [tomcat-embed-core-9.0.19.jar:9.0.19]
	at org.apache.catalina.valves.ErrorReportValve.invoke(ErrorReportValve.java:92) [tomcat-embed-core-9.0.19.jar:9.0.19]
	at org.apache.catalina.core.StandardEngineValve.invoke(StandardEngineValve.java:74) [tomcat-embed-core-9.0.19.jar:9.0.19]
	at org.apache.catalina.connector.CoyoteAdapter.service(CoyoteAdapter.java:343) [tomcat-embed-core-9.0.19.jar:9.0.19]
	at org.apache.coyote.http11.Http11Processor.service(Http11Processor.java:408) [tomcat-embed-core-9.0.19.jar:9.0.19]
	at org.apache.coyote.AbstractProcessorLight.process(AbstractProcessorLight.java:66) [tomcat-embed-core-9.0.19.jar:9.0.19]
	at org.apache.coyote.AbstractProtocol$ConnectionHandler.process(AbstractProtocol.java:836) [tomcat-embed-core-9.0.19.jar:9.0.19]
	at org.apache.tomcat.util.net.NioEndpoint$SocketProcessor.doRun(NioEndpoint.java:1747) [tomcat-embed-core-9.0.19.jar:9.0.19]
	at org.apache.tomcat.util.net.SocketProcessorBase.run(SocketProcessorBase.java:49) [tomcat-embed-core-9.0.19.jar:9.0.19]
	at java.util.concurrent.ThreadPoolExecutor.runWorker(ThreadPoolExecutor.java:1149) [?:1.8.0_201]
	at java.util.concurrent.ThreadPoolExecutor$Worker.run(ThreadPoolExecutor.java:624) [?:1.8.0_201]
	at org.apache.tomcat.util.threads.TaskThread$WrappingRunnable.run(TaskThread.java:61) [tomcat-embed-core-9.0.19.jar:9.0.19]
	at java.lang.Thread.run(Thread.java:748) [?:1.8.0_201]
Caused by: org.apache.ibatis.exceptions.PersistenceException: 
### Error querying database.  Cause: org.springframework.jdbc.CannotGetJdbcConnectionException: Failed to obtain JDBC Connection; nested exception is java.sql.SQLSyntaxErrorException: Unknown database 'story1'
### The error may exist in file [F:\Java项目\Libra\target\classes\mapper\AdminMapper.xml]
### The error may involve cn.coolhao.app.dao.AdminDao.getAll
### The error occurred while executing a query
### Cause: org.springframework.jdbc.CannotGetJdbcConnectionException: Failed to obtain JDBC Connection; nested exception is java.sql.SQLSyntaxErrorException: Unknown database 'story1'
	at org.apache.ibatis.exceptions.ExceptionFactory.wrapException(ExceptionFactory.java:30) ~[mybatis-3.5.0.jar:3.5.0]
	at org.apache.ibatis.session.defaults.DefaultSqlSession.selectList(DefaultSqlSession.java:150) ~[mybatis-3.5.0.jar:3.5.0]
	at org.apache.ibatis.session.defaults.DefaultSqlSession.selectList(DefaultSqlSession.java:141) ~[mybatis-3.5.0.jar:3.5.0]
	at sun.reflect.NativeMethodAccessorImpl.invoke0(Native Method) ~[?:1.8.0_201]
	at sun.reflect.NativeMethodAccessorImpl.invoke(NativeMethodAccessorImpl.java:62) ~[?:1.8.0_201]
	at sun.reflect.DelegatingMethodAccessorImpl.invoke(DelegatingMethodAccessorImpl.java:43) ~[?:1.8.0_201]
	at java.lang.reflect.Method.invoke(Method.java:498) ~[?:1.8.0_201]
	at org.mybatis.spring.SqlSessionTemplate$SqlSessionInterceptor.invoke(SqlSessionTemplate.java:433) ~[mybatis-spring-2.0.0.jar:2.0.0]
	... 90 more
Caused by: org.springframework.jdbc.CannotGetJdbcConnectionException: Failed to obtain JDBC Connection; nested exception is java.sql.SQLSyntaxErrorException: Unknown database 'story1'
	at org.springframework.jdbc.datasource.DataSourceUtils.getConnection(DataSourceUtils.java:81) ~[spring-jdbc-5.1.7.RELEASE.jar:5.1.7.RELEASE]
	at org.mybatis.spring.transaction.SpringManagedTransaction.openConnection(SpringManagedTransaction.java:82) ~[mybatis-spring-2.0.0.jar:2.0.0]
	at org.mybatis.spring.transaction.SpringManagedTransaction.getConnection(SpringManagedTransaction.java:68) ~[mybatis-spring-2.0.0.jar:2.0.0]
	at org.apache.ibatis.executor.BaseExecutor.getConnection(BaseExecutor.java:336) ~[mybatis-3.5.0.jar:3.5.0]
	at org.apache.ibatis.executor.SimpleExecutor.prepareStatement(SimpleExecutor.java:85) ~[mybatis-3.5.0.jar:3.5.0]
	at org.apache.ibatis.executor.SimpleExecutor.doQuery(SimpleExecutor.java:62) ~[mybatis-3.5.0.jar:3.5.0]
	at org.apache.ibatis.executor.BaseExecutor.queryFromDatabase(BaseExecutor.java:324) ~[mybatis-3.5.0.jar:3.5.0]
	at org.apache.ibatis.executor.BaseExecutor.query(BaseExecutor.java:156) ~[mybatis-3.5.0.jar:3.5.0]
	at org.apache.ibatis.executor.CachingExecutor.query(CachingExecutor.java:109) ~[mybatis-3.5.0.jar:3.5.0]
	at org.apache.ibatis.executor.CachingExecutor.query(CachingExecutor.java:83) ~[mybatis-3.5.0.jar:3.5.0]
	at org.apache.ibatis.session.defaults.DefaultSqlSession.selectList(DefaultSqlSession.java:148) ~[mybatis-3.5.0.jar:3.5.0]
	at org.apache.ibatis.session.defaults.DefaultSqlSession.selectList(DefaultSqlSession.java:141) ~[mybatis-3.5.0.jar:3.5.0]
	at sun.reflect.NativeMethodAccessorImpl.invoke0(Native Method) ~[?:1.8.0_201]
	at sun.reflect.NativeMethodAccessorImpl.invoke(NativeMethodAccessorImpl.java:62) ~[?:1.8.0_201]
	at sun.reflect.DelegatingMethodAccessorImpl.invoke(DelegatingMethodAccessorImpl.java:43) ~[?:1.8.0_201]
	at java.lang.reflect.Method.invoke(Method.java:498) ~[?:1.8.0_201]
	at org.mybatis.spring.SqlSessionTemplate$SqlSessionInterceptor.invoke(SqlSessionTemplate.java:433) ~[mybatis-spring-2.0.0.jar:2.0.0]
	... 90 more
Caused by: java.sql.SQLSyntaxErrorException: Unknown database 'story1'
	at com.mysql.cj.jdbc.exceptions.SQLError.createSQLException(SQLError.java:120) ~[mysql-connector-java-8.0.16.jar:8.0.16]
	at com.mysql.cj.jdbc.exceptions.SQLError.createSQLException(SQLError.java:97) ~[mysql-connector-java-8.0.16.jar:8.0.16]
	at com.mysql.cj.jdbc.exceptions.SQLExceptionsMapping.translateException(SQLExceptionsMapping.java:122) ~[mysql-connector-java-8.0.16.jar:8.0.16]
	at com.mysql.cj.jdbc.ConnectionImpl.createNewIO(ConnectionImpl.java:835) ~[mysql-connector-java-8.0.16.jar:8.0.16]
	at com.mysql.cj.jdbc.ConnectionImpl.<init>(ConnectionImpl.java:455) ~[mysql-connector-java-8.0.16.jar:8.0.16]
	at com.mysql.cj.jdbc.ConnectionImpl.getInstance(ConnectionImpl.java:240) ~[mysql-connector-java-8.0.16.jar:8.0.16]
	at com.mysql.cj.jdbc.NonRegisteringDriver.connect(NonRegisteringDriver.java:199) ~[mysql-connector-java-8.0.16.jar:8.0.16]
	at com.zaxxer.hikari.util.DriverDataSource.getConnection(DriverDataSource.java:136) ~[HikariCP-3.2.0.jar:?]
	at com.zaxxer.hikari.pool.PoolBase.newConnection(PoolBase.java:369) ~[HikariCP-3.2.0.jar:?]
	at com.zaxxer.hikari.pool.PoolBase.newPoolEntry(PoolBase.java:198) ~[HikariCP-3.2.0.jar:?]
	at com.zaxxer.hikari.pool.HikariPool.createPoolEntry(HikariPool.java:467) ~[HikariCP-3.2.0.jar:?]
	at com.zaxxer.hikari.pool.HikariPool.checkFailFast(HikariPool.java:541) ~[HikariCP-3.2.0.jar:?]
	at com.zaxxer.hikari.pool.HikariPool.<init>(HikariPool.java:115) ~[HikariCP-3.2.0.jar:?]
	at com.zaxxer.hikari.HikariDataSource.getConnection(HikariDataSource.java:112) ~[HikariCP-3.2.0.jar:?]
	at org.springframework.jdbc.datasource.DataSourceUtils.fetchConnection(DataSourceUtils.java:157) ~[spring-jdbc-5.1.7.RELEASE.jar:5.1.7.RELEASE]
	at org.springframework.jdbc.datasource.DataSourceUtils.doGetConnection(DataSourceUtils.java:115) ~[spring-jdbc-5.1.7.RELEASE.jar:5.1.7.RELEASE]
	at org.springframework.jdbc.datasource.DataSourceUtils.getConnection(DataSourceUtils.java:78) ~[spring-jdbc-5.1.7.RELEASE.jar:5.1.7.RELEASE]
	at org.mybatis.spring.transaction.SpringManagedTransaction.openConnection(SpringManagedTransaction.java:82) ~[mybatis-spring-2.0.0.jar:2.0.0]
	at org.mybatis.spring.transaction.SpringManagedTransaction.getConnection(SpringManagedTransaction.java:68) ~[mybatis-spring-2.0.0.jar:2.0.0]
	at org.apache.ibatis.executor.BaseExecutor.getConnection(BaseExecutor.java:336) ~[mybatis-3.5.0.jar:3.5.0]
	at org.apache.ibatis.executor.SimpleExecutor.prepareStatement(SimpleExecutor.java:85) ~[mybatis-3.5.0.jar:3.5.0]
	at org.apache.ibatis.executor.SimpleExecutor.doQuery(SimpleExecutor.java:62) ~[mybatis-3.5.0.jar:3.5.0]
	at org.apache.ibatis.executor.BaseExecutor.queryFromDatabase(BaseExecutor.java:324) ~[mybatis-3.5.0.jar:3.5.0]
	at org.apache.ibatis.executor.BaseExecutor.query(BaseExecutor.java:156) ~[mybatis-3.5.0.jar:3.5.0]
	at org.apache.ibatis.executor.CachingExecutor.query(CachingExecutor.java:109) ~[mybatis-3.5.0.jar:3.5.0]
	at org.apache.ibatis.executor.CachingExecutor.query(CachingExecutor.java:83) ~[mybatis-3.5.0.jar:3.5.0]
	at org.apache.ibatis.session.defaults.DefaultSqlSession.selectList(DefaultSqlSession.java:148) ~[mybatis-3.5.0.jar:3.5.0]
	at org.apache.ibatis.session.defaults.DefaultSqlSession.selectList(DefaultSqlSession.java:141) ~[mybatis-3.5.0.jar:3.5.0]
	at sun.reflect.NativeMethodAccessorImpl.invoke0(Native Method) ~[?:1.8.0_201]
	at sun.reflect.NativeMethodAccessorImpl.invoke(NativeMethodAccessorImpl.java:62) ~[?:1.8.0_201]
	at sun.reflect.DelegatingMethodAccessorImpl.invoke(DelegatingMethodAccessorImpl.java:43) ~[?:1.8.0_201]
	at java.lang.reflect.Method.invoke(Method.java:498) ~[?:1.8.0_201]
	at org.mybatis.spring.SqlSessionTemplate$SqlSessionInterceptor.invoke(SqlSessionTemplate.java:433) ~[mybatis-spring-2.0.0.jar:2.0.0]
	... 90 more
2019-05-25 13:26:52.014 - INFO  [nio-3743-exec-1] c.c.a.c.BaseController         : url=/admin/getAll
2019-05-25 13:26:52.015 - INFO  [nio-3743-exec-1] c.c.a.c.BaseController         : method=GET
2019-05-25 13:26:52.015 - INFO  [nio-3743-exec-1] c.c.a.c.BaseController         : ip=0:0:0:0:0:0:0:1
2019-05-25 13:26:52.015 - INFO  [nio-3743-exec-1] c.c.a.c.BaseController         : class_method=cn.coolhao.app.controller.admin.AdminController.getInfo
2019-05-25 13:26:52.015 - INFO  [nio-3743-exec-1] c.c.a.c.BaseController         : args={}
2019-05-25 13:26:52.016 - INFO  [nio-3743-exec-1] c.c.a.c.BaseController         : 自定义注解值=yyyy-MM-dd
2019-05-25 13:26:52.020 - INFO  [nio-3743-exec-1] c.c.a.c.a.AdminController      : 进来getAll
2019-05-25 13:26:53.037 - INFO  [nio-3743-exec-1] c.c.a.h.ExceptionHandle        : 【系统异常】=nested exception is org.apache.ibatis.exceptions.PersistenceException: 
### Error querying database.  Cause: org.springframework.jdbc.CannotGetJdbcConnectionException: Failed to obtain JDBC Connection; nested exception is java.sql.SQLSyntaxErrorException: Unknown database 'story1'
### The error may exist in file [F:\Java项目\Libra\target\classes\mapper\AdminMapper.xml]
### The error may involve cn.coolhao.app.dao.AdminDao.getAll
### The error occurred while executing a query
### Cause: org.springframework.jdbc.CannotGetJdbcConnectionException: Failed to obtain JDBC Connection; nested exception is java.sql.SQLSyntaxErrorException: Unknown database 'story1'
2019-05-25 13:28:30.726 - INFO  [nio-3743-exec-1] c.c.a.c.BaseController         : url=/admin/getAll
2019-05-25 13:28:30.727 - INFO  [nio-3743-exec-1] c.c.a.c.BaseController         : method=GET
2019-05-25 13:28:30.728 - INFO  [nio-3743-exec-1] c.c.a.c.BaseController         : ip=0:0:0:0:0:0:0:1
2019-05-25 13:28:30.730 - INFO  [nio-3743-exec-1] c.c.a.c.BaseController         : class_method=cn.coolhao.app.controller.admin.AdminController.getInfo
2019-05-25 13:28:30.731 - INFO  [nio-3743-exec-1] c.c.a.c.BaseController         : args={}
2019-05-25 13:28:30.733 - INFO  [nio-3743-exec-1] c.c.a.c.BaseController         : 自定义注解值=yyyy-MM-dd
2019-05-25 13:28:30.740 - INFO  [nio-3743-exec-1] c.c.a.c.a.AdminController      : 进来getAll
2019-05-25 13:28:31.752 - INFO  [nio-3743-exec-1] c.c.a.h.ExceptionHandle        : 【系统异常】=org.mybatis.spring.MyBatisSystemException: nested exception is org.apache.ibatis.exceptions.PersistenceException: 
### Error querying database.  Cause: org.springframework.jdbc.CannotGetJdbcConnectionException: Failed to obtain JDBC Connection; nested exception is java.sql.SQLSyntaxErrorException: Unknown database 'story1'
### The error may exist in file [F:\Java项目\Libra\target\classes\mapper\AdminMapper.xml]
### The error may involve cn.coolhao.app.dao.AdminDao.getAll
### The error occurred while executing a query
### Cause: org.springframework.jdbc.CannotGetJdbcConnectionException: Failed to obtain JDBC Connection; nested exception is java.sql.SQLSyntaxErrorException: Unknown database 'story1'
2019-05-25 13:33:12.217 - INFO  [nio-3743-exec-1] c.c.a.c.BaseController         : url=/admin/getAll
2019-05-25 13:33:12.218 - INFO  [nio-3743-exec-1] c.c.a.c.BaseController         : method=GET
2019-05-25 13:33:12.221 - INFO  [nio-3743-exec-1] c.c.a.c.BaseController         : ip=0:0:0:0:0:0:0:1
2019-05-25 13:33:12.221 - INFO  [nio-3743-exec-1] c.c.a.c.BaseController         : class_method=cn.coolhao.app.controller.admin.AdminController.getInfo
2019-05-25 13:33:12.222 - INFO  [nio-3743-exec-1] c.c.a.c.BaseController         : args={}
2019-05-25 13:33:12.223 - INFO  [nio-3743-exec-1] c.c.a.c.BaseController         : 自定义注解值=yyyy-MM-dd
2019-05-25 13:33:12.231 - INFO  [nio-3743-exec-1] c.c.a.c.a.AdminController      : 进来getAll
2019-05-25 13:33:13.252 - INFO  [nio-3743-exec-1] c.c.a.h.ExceptionHandle        : 【系统异常】=org.mybatis.spring.MyBatisSystemException: nested exception is org.apache.ibatis.exceptions.PersistenceException: 
### Error querying database.  Cause: org.springframework.jdbc.CannotGetJdbcConnectionException: Failed to obtain JDBC Connection; nested exception is java.sql.SQLSyntaxErrorException: Unknown database 'story1'
### The error may exist in file [F:\Java项目\Libra\target\classes\mapper\AdminMapper.xml]
### The error may involve cn.coolhao.app.dao.AdminDao.getAll
### The error occurred while executing a query
### Cause: org.springframework.jdbc.CannotGetJdbcConnectionException: Failed to obtain JDBC Connection; nested exception is java.sql.SQLSyntaxErrorException: Unknown database 'story1'
2019-05-25 13:37:08.786 - INFO  [nio-3743-exec-1] c.c.a.c.BaseController         : url=/admin/getAll
2019-05-25 13:37:08.787 - INFO  [nio-3743-exec-1] c.c.a.c.BaseController         : method=GET
2019-05-25 13:37:08.788 - INFO  [nio-3743-exec-1] c.c.a.c.BaseController         : ip=127.0.0.1
2019-05-25 13:37:08.788 - INFO  [nio-3743-exec-1] c.c.a.c.BaseController         : class_method=cn.coolhao.app.controller.admin.AdminController.getInfo
2019-05-25 13:37:08.789 - INFO  [nio-3743-exec-1] c.c.a.c.BaseController         : args={}
2019-05-25 13:37:08.791 - INFO  [nio-3743-exec-1] c.c.a.c.BaseController         : 自定义注解值=yyyy-MM-dd
2019-05-25 13:37:08.847 - INFO  [nio-3743-exec-1] c.c.a.c.a.AdminController      : 进来getAll
2019-05-25 13:39:39.978 - INFO  [nio-3743-exec-1] c.c.a.c.BaseController         : url=/admin/getAll
2019-05-25 13:39:39.980 - INFO  [nio-3743-exec-1] c.c.a.c.BaseController         : method=GET
2019-05-25 13:39:39.980 - INFO  [nio-3743-exec-1] c.c.a.c.BaseController         : ip=0:0:0:0:0:0:0:1
2019-05-25 13:39:39.981 - INFO  [nio-3743-exec-1] c.c.a.c.BaseController         : class_method=cn.coolhao.app.controller.admin.AdminController.getInfo
2019-05-25 13:39:39.982 - INFO  [nio-3743-exec-1] c.c.a.c.BaseController         : args={}
2019-05-25 13:39:39.982 - INFO  [nio-3743-exec-1] c.c.a.c.BaseController         : 自定义注解值=yyyy-MM-dd
2019-05-25 13:39:39.993 - INFO  [nio-3743-exec-1] c.c.a.c.a.AdminController      : 进来getAll
2019-05-25 13:40:50.073 - INFO  [nio-3743-exec-2] c.c.a.c.BaseController         : url=/admin/getAll
2019-05-25 13:40:50.074 - INFO  [nio-3743-exec-2] c.c.a.c.BaseController         : method=GET
2019-05-25 13:40:50.076 - INFO  [nio-3743-exec-2] c.c.a.c.BaseController         : ip=0:0:0:0:0:0:0:1
2019-05-25 13:40:50.084 - INFO  [nio-3743-exec-2] c.c.a.c.BaseController         : class_method=cn.coolhao.app.controller.admin.AdminController.getInfo
2019-05-25 13:40:50.086 - INFO  [nio-3743-exec-2] c.c.a.c.BaseController         : args={}
2019-05-25 13:40:50.105 - INFO  [nio-3743-exec-2] c.c.a.c.BaseController         : 自定义注解值=yyyy-MM-dd
2019-05-25 13:40:50.115 - INFO  [nio-3743-exec-2] c.c.a.c.a.AdminController      : 进来getAll
2019-05-25 13:41:56.166 - INFO  [nio-3743-exec-1] c.c.a.c.BaseController         : url=/admin/getAll
2019-05-25 13:41:56.167 - INFO  [nio-3743-exec-1] c.c.a.c.BaseController         : method=GET
2019-05-25 13:41:56.168 - INFO  [nio-3743-exec-1] c.c.a.c.BaseController         : ip=0:0:0:0:0:0:0:1
2019-05-25 13:41:56.169 - INFO  [nio-3743-exec-1] c.c.a.c.BaseController         : class_method=cn.coolhao.app.controller.admin.AdminController.getInfo
2019-05-25 13:41:56.170 - INFO  [nio-3743-exec-1] c.c.a.c.BaseController         : args={}
2019-05-25 13:41:56.171 - INFO  [nio-3743-exec-1] c.c.a.c.BaseController         : 自定义注解值=yyyy-MM-dd
2019-05-25 13:41:56.175 - INFO  [nio-3743-exec-1] c.c.a.c.a.AdminController      : 进来getAll
2019-05-25 13:51:31.867 - INFO  [io-3743-exec-10] c.c.a.c.BaseController         : url=/admin/getAll
2019-05-25 13:51:31.867 - INFO  [io-3743-exec-10] c.c.a.c.BaseController         : method=GET
2019-05-25 13:51:31.868 - INFO  [io-3743-exec-10] c.c.a.c.BaseController         : ip=0:0:0:0:0:0:0:1
2019-05-25 13:51:31.868 - INFO  [io-3743-exec-10] c.c.a.c.BaseController         : class_method=cn.coolhao.app.controller.admin.AdminController.getInfo
2019-05-25 13:51:31.868 - INFO  [io-3743-exec-10] c.c.a.c.BaseController         : args={}
2019-05-25 13:51:31.869 - INFO  [io-3743-exec-10] c.c.a.c.BaseController         : 自定义注解值=yyyy-MM-dd
2019-05-25 13:51:31.873 - INFO  [io-3743-exec-10] c.c.a.c.a.AdminController      : 进来getAll
2019-05-25 13:55:14.706 - INFO  [nio-3743-exec-1] c.c.a.c.BaseController         : url=/admin/getAll
2019-05-25 13:55:14.707 - INFO  [nio-3743-exec-1] c.c.a.c.BaseController         : method=GET
2019-05-25 13:55:14.707 - INFO  [nio-3743-exec-1] c.c.a.c.BaseController         : ip=0:0:0:0:0:0:0:1
2019-05-25 13:55:14.710 - INFO  [nio-3743-exec-1] c.c.a.c.BaseController         : class_method=cn.coolhao.app.controller.admin.AdminController.getInfo
2019-05-25 13:55:14.711 - INFO  [nio-3743-exec-1] c.c.a.c.BaseController         : args={}
2019-05-25 13:55:14.721 - INFO  [nio-3743-exec-1] c.c.a.c.BaseController         : 自定义注解值=yyyy-MM-dd
2019-05-25 13:55:14.725 - INFO  [nio-3743-exec-1] c.c.a.c.a.AdminController      : 进来getAll
2019-05-25 13:55:36.578 - INFO  [nio-3743-exec-1] c.c.a.c.BaseController         : url=/admin/getAll
2019-05-25 13:55:36.579 - INFO  [nio-3743-exec-1] c.c.a.c.BaseController         : method=GET
2019-05-25 13:55:36.580 - INFO  [nio-3743-exec-1] c.c.a.c.BaseController         : ip=0:0:0:0:0:0:0:1
2019-05-25 13:55:36.580 - INFO  [nio-3743-exec-1] c.c.a.c.BaseController         : class_method=cn.coolhao.app.controller.admin.AdminController.getInfo
2019-05-25 13:55:36.581 - INFO  [nio-3743-exec-1] c.c.a.c.BaseController         : args={}
2019-05-25 13:55:36.581 - INFO  [nio-3743-exec-1] c.c.a.c.BaseController         : 自定义注解值=yyyy-MM-dd
2019-05-25 13:55:36.588 - INFO  [nio-3743-exec-1] c.c.a.c.a.AdminController      : 进来getAll
2019-05-25 13:56:45.819 - INFO  [nio-3743-exec-2] c.c.a.c.BaseController         : url=/admin/getAll
2019-05-25 13:56:45.820 - INFO  [nio-3743-exec-2] c.c.a.c.BaseController         : method=GET
2019-05-25 13:56:45.821 - INFO  [nio-3743-exec-2] c.c.a.c.BaseController         : ip=0:0:0:0:0:0:0:1
2019-05-25 13:56:45.824 - INFO  [nio-3743-exec-2] c.c.a.c.BaseController         : class_method=cn.coolhao.app.controller.admin.AdminController.getInfo
2019-05-25 13:56:45.826 - INFO  [nio-3743-exec-2] c.c.a.c.BaseController         : args={}
2019-05-25 13:56:45.843 - INFO  [nio-3743-exec-2] c.c.a.c.BaseController         : 自定义注解值=yyyy-MM-dd
2019-05-25 13:56:45.848 - INFO  [nio-3743-exec-2] c.c.a.c.a.AdminController      : 进来getAll
2019-05-25 14:04:51.682 - INFO  [nio-3743-exec-2] c.c.a.c.BaseController         : url=/admin/getAll
2019-05-25 14:04:51.683 - INFO  [nio-3743-exec-2] c.c.a.c.BaseController         : method=GET
2019-05-25 14:04:51.685 - INFO  [nio-3743-exec-2] c.c.a.c.BaseController         : ip=0:0:0:0:0:0:0:1
2019-05-25 14:04:51.688 - INFO  [nio-3743-exec-2] c.c.a.c.BaseController         : class_method=cn.coolhao.app.controller.admin.AdminController.getInfo
2019-05-25 14:04:51.688 - INFO  [nio-3743-exec-2] c.c.a.c.BaseController         : args={}
2019-05-25 14:04:51.703 - INFO  [nio-3743-exec-2] c.c.a.c.BaseController         : 自定义注解值=yyyy-MM-dd
2019-05-25 14:04:51.708 - INFO  [nio-3743-exec-2] c.c.a.c.a.AdminController      : 进来getAll
2019-05-25 14:04:53.139 - INFO  [nio-3743-exec-2] c.c.a.h.ExceptionHandle        : 【系统异常】={}
org.mybatis.spring.MyBatisSystemException: nested exception is org.apache.ibatis.exceptions.PersistenceException: 
### Error querying database.  Cause: org.springframework.jdbc.CannotGetJdbcConnectionException: Failed to obtain JDBC Connection; nested exception is java.sql.SQLSyntaxErrorException: Unknown database 'story1'
### The error may exist in file [F:\Java项目\Libra\target\classes\mapper\AdminMapper.xml]
### The error may involve cn.coolhao.app.dao.AdminDao.getAll
### The error occurred while executing a query
### Cause: org.springframework.jdbc.CannotGetJdbcConnectionException: Failed to obtain JDBC Connection; nested exception is java.sql.SQLSyntaxErrorException: Unknown database 'story1'
	at org.mybatis.spring.MyBatisExceptionTranslator.translateExceptionIfPossible(MyBatisExceptionTranslator.java:77) ~[mybatis-spring-2.0.0.jar:2.0.0]
	at org.mybatis.spring.SqlSessionTemplate$SqlSessionInterceptor.invoke(SqlSessionTemplate.java:446) ~[mybatis-spring-2.0.0.jar:2.0.0]
	at com.sun.proxy.$Proxy94.selectList(Unknown Source) ~[?:?]
	at org.mybatis.spring.SqlSessionTemplate.selectList(SqlSessionTemplate.java:230) ~[mybatis-spring-2.0.0.jar:2.0.0]
	at org.apache.ibatis.binding.MapperMethod.executeForMany(MapperMethod.java:144) ~[mybatis-3.5.0.jar:3.5.0]
	at org.apache.ibatis.binding.MapperMethod.execute(MapperMethod.java:77) ~[mybatis-3.5.0.jar:3.5.0]
	at org.apache.ibatis.binding.MapperProxy.invoke(MapperProxy.java:58) ~[mybatis-3.5.0.jar:3.5.0]
	at com.sun.proxy.$Proxy95.getAll(Unknown Source) ~[?:?]
	at sun.reflect.NativeMethodAccessorImpl.invoke0(Native Method) ~[?:1.8.0_201]
	at sun.reflect.NativeMethodAccessorImpl.invoke(NativeMethodAccessorImpl.java:62) ~[?:1.8.0_201]
	at sun.reflect.DelegatingMethodAccessorImpl.invoke(DelegatingMethodAccessorImpl.java:43) ~[?:1.8.0_201]
	at java.lang.reflect.Method.invoke(Method.java:498) ~[?:1.8.0_201]
	at org.springframework.aop.support.AopUtils.invokeJoinpointUsingReflection(AopUtils.java:343) ~[spring-aop-5.1.7.RELEASE.jar:5.1.7.RELEASE]
	at org.springframework.aop.framework.ReflectiveMethodInvocation.invokeJoinpoint(ReflectiveMethodInvocation.java:198) ~[spring-aop-5.1.7.RELEASE.jar:5.1.7.RELEASE]
	at org.springframework.aop.framework.ReflectiveMethodInvocation.proceed(ReflectiveMethodInvocation.java:163) ~[spring-aop-5.1.7.RELEASE.jar:5.1.7.RELEASE]
	at org.springframework.dao.support.PersistenceExceptionTranslationInterceptor.invoke(PersistenceExceptionTranslationInterceptor.java:139) ~[spring-tx-5.1.7.RELEASE.jar:5.1.7.RELEASE]
	at org.springframework.aop.framework.ReflectiveMethodInvocation.proceed(ReflectiveMethodInvocation.java:186) ~[spring-aop-5.1.7.RELEASE.jar:5.1.7.RELEASE]
	at org.springframework.aop.framework.JdkDynamicAopProxy.invoke(JdkDynamicAopProxy.java:212) ~[spring-aop-5.1.7.RELEASE.jar:5.1.7.RELEASE]
	at com.sun.proxy.$Proxy96.getAll(Unknown Source) ~[?:?]
	at cn.coolhao.app.service.impl.AdminServiceImpl.getAll(AdminServiceImpl.java:40) ~[classes/:?]
	at cn.coolhao.app.controller.admin.AdminController.getInfo(AdminController.java:49) ~[classes/:?]
	at cn.coolhao.app.controller.admin.AdminController$$FastClassBySpringCGLIB$$e78aac2b.invoke(<generated>) ~[classes/:?]
	at org.springframework.cglib.proxy.MethodProxy.invoke(MethodProxy.java:218) ~[spring-core-5.1.7.RELEASE.jar:5.1.7.RELEASE]
	at org.springframework.aop.framework.CglibAopProxy$CglibMethodInvocation.invokeJoinpoint(CglibAopProxy.java:749) ~[spring-aop-5.1.7.RELEASE.jar:5.1.7.RELEASE]
	at org.springframework.aop.framework.ReflectiveMethodInvocation.proceed(ReflectiveMethodInvocation.java:163) ~[spring-aop-5.1.7.RELEASE.jar:5.1.7.RELEASE]
	at org.springframework.aop.framework.adapter.MethodBeforeAdviceInterceptor.invoke(MethodBeforeAdviceInterceptor.java:56) ~[spring-aop-5.1.7.RELEASE.jar:5.1.7.RELEASE]
	at org.springframework.aop.framework.ReflectiveMethodInvocation.proceed(ReflectiveMethodInvocation.java:175) ~[spring-aop-5.1.7.RELEASE.jar:5.1.7.RELEASE]
	at org.springframework.aop.framework.adapter.MethodBeforeAdviceInterceptor.invoke(MethodBeforeAdviceInterceptor.java:56) ~[spring-aop-5.1.7.RELEASE.jar:5.1.7.RELEASE]
	at org.springframework.aop.framework.ReflectiveMethodInvocation.proceed(ReflectiveMethodInvocation.java:186) ~[spring-aop-5.1.7.RELEASE.jar:5.1.7.RELEASE]
	at org.springframework.aop.framework.adapter.AfterReturningAdviceInterceptor.invoke(AfterReturningAdviceInterceptor.java:55) ~[spring-aop-5.1.7.RELEASE.jar:5.1.7.RELEASE]
	at org.springframework.aop.framework.ReflectiveMethodInvocation.proceed(ReflectiveMethodInvocation.java:186) ~[spring-aop-5.1.7.RELEASE.jar:5.1.7.RELEASE]
	at org.springframework.aop.interceptor.ExposeInvocationInterceptor.invoke(ExposeInvocationInterceptor.java:93) ~[spring-aop-5.1.7.RELEASE.jar:5.1.7.RELEASE]
	at org.springframework.aop.framework.ReflectiveMethodInvocation.proceed(ReflectiveMethodInvocation.java:186) ~[spring-aop-5.1.7.RELEASE.jar:5.1.7.RELEASE]
	at org.springframework.aop.framework.CglibAopProxy$DynamicAdvisedInterceptor.intercept(CglibAopProxy.java:688) ~[spring-aop-5.1.7.RELEASE.jar:5.1.7.RELEASE]
	at cn.coolhao.app.controller.admin.AdminController$$EnhancerBySpringCGLIB$$d9e3c019.getInfo(<generated>) ~[classes/:?]
	at sun.reflect.NativeMethodAccessorImpl.invoke0(Native Method) ~[?:1.8.0_201]
	at sun.reflect.NativeMethodAccessorImpl.invoke(NativeMethodAccessorImpl.java:62) ~[?:1.8.0_201]
	at sun.reflect.DelegatingMethodAccessorImpl.invoke(DelegatingMethodAccessorImpl.java:43) ~[?:1.8.0_201]
	at java.lang.reflect.Method.invoke(Method.java:498) ~[?:1.8.0_201]
	at org.springframework.web.method.support.InvocableHandlerMethod.doInvoke(InvocableHandlerMethod.java:190) ~[spring-web-5.1.7.RELEASE.jar:5.1.7.RELEASE]
	at org.springframework.web.method.support.InvocableHandlerMethod.invokeForRequest(InvocableHandlerMethod.java:138) ~[spring-web-5.1.7.RELEASE.jar:5.1.7.RELEASE]
	at org.springframework.web.servlet.mvc.method.annotation.ServletInvocableHandlerMethod.invokeAndHandle(ServletInvocableHandlerMethod.java:104) ~[spring-webmvc-5.1.7.RELEASE.jar:5.1.7.RELEASE]
	at org.springframework.web.servlet.mvc.method.annotation.RequestMappingHandlerAdapter.invokeHandlerMethod(RequestMappingHandlerAdapter.java:892) ~[spring-webmvc-5.1.7.RELEASE.jar:5.1.7.RELEASE]
	at org.springframework.web.servlet.mvc.method.annotation.RequestMappingHandlerAdapter.handleInternal(RequestMappingHandlerAdapter.java:797) ~[spring-webmvc-5.1.7.RELEASE.jar:5.1.7.RELEASE]
	at org.springframework.web.servlet.mvc.method.AbstractHandlerMethodAdapter.handle(AbstractHandlerMethodAdapter.java:87) ~[spring-webmvc-5.1.7.RELEASE.jar:5.1.7.RELEASE]
	at org.springframework.web.servlet.DispatcherServlet.doDispatch(DispatcherServlet.java:1039) [spring-webmvc-5.1.7.RELEASE.jar:5.1.7.RELEASE]
	at org.springframework.web.servlet.DispatcherServlet.doService(DispatcherServlet.java:942) [spring-webmvc-5.1.7.RELEASE.jar:5.1.7.RELEASE]
	at org.springframework.web.servlet.FrameworkServlet.processRequest(FrameworkServlet.java:1005) [spring-webmvc-5.1.7.RELEASE.jar:5.1.7.RELEASE]
	at org.springframework.web.servlet.FrameworkServlet.doGet(FrameworkServlet.java:897) [spring-webmvc-5.1.7.RELEASE.jar:5.1.7.RELEASE]
	at javax.servlet.http.HttpServlet.service(HttpServlet.java:634) [tomcat-embed-core-9.0.19.jar:9.0.19]
	at org.springframework.web.servlet.FrameworkServlet.service(FrameworkServlet.java:882) [spring-webmvc-5.1.7.RELEASE.jar:5.1.7.RELEASE]
	at javax.servlet.http.HttpServlet.service(HttpServlet.java:741) [tomcat-embed-core-9.0.19.jar:9.0.19]
	at org.apache.catalina.core.ApplicationFilterChain.internalDoFilter(ApplicationFilterChain.java:231) [tomcat-embed-core-9.0.19.jar:9.0.19]
	at org.apache.catalina.core.ApplicationFilterChain.doFilter(ApplicationFilterChain.java:166) [tomcat-embed-core-9.0.19.jar:9.0.19]
	at org.apache.tomcat.websocket.server.WsFilter.doFilter(WsFilter.java:53) [tomcat-embed-websocket-9.0.19.jar:9.0.19]
	at org.apache.catalina.core.ApplicationFilterChain.internalDoFilter(ApplicationFilterChain.java:193) [tomcat-embed-core-9.0.19.jar:9.0.19]
	at org.apache.catalina.core.ApplicationFilterChain.doFilter(ApplicationFilterChain.java:166) [tomcat-embed-core-9.0.19.jar:9.0.19]
	at cn.coolhao.app.handle.CorsFilter.doFilter(CorsFilter.java:35) [classes/:?]
	at org.apache.catalina.core.ApplicationFilterChain.internalDoFilter(ApplicationFilterChain.java:193) [tomcat-embed-core-9.0.19.jar:9.0.19]
	at org.apache.catalina.core.ApplicationFilterChain.doFilter(ApplicationFilterChain.java:166) [tomcat-embed-core-9.0.19.jar:9.0.19]
	at org.springframework.web.filter.RequestContextFilter.doFilterInternal(RequestContextFilter.java:99) [spring-web-5.1.7.RELEASE.jar:5.1.7.RELEASE]
	at org.springframework.web.filter.OncePerRequestFilter.doFilter(OncePerRequestFilter.java:107) [spring-web-5.1.7.RELEASE.jar:5.1.7.RELEASE]
	at org.apache.catalina.core.ApplicationFilterChain.internalDoFilter(ApplicationFilterChain.java:193) [tomcat-embed-core-9.0.19.jar:9.0.19]
	at org.apache.catalina.core.ApplicationFilterChain.doFilter(ApplicationFilterChain.java:166) [tomcat-embed-core-9.0.19.jar:9.0.19]
	at org.springframework.web.filter.FormContentFilter.doFilterInternal(FormContentFilter.java:92) [spring-web-5.1.7.RELEASE.jar:5.1.7.RELEASE]
	at org.springframework.web.filter.OncePerRequestFilter.doFilter(OncePerRequestFilter.java:107) [spring-web-5.1.7.RELEASE.jar:5.1.7.RELEASE]
	at org.apache.catalina.core.ApplicationFilterChain.internalDoFilter(ApplicationFilterChain.java:193) [tomcat-embed-core-9.0.19.jar:9.0.19]
	at org.apache.catalina.core.ApplicationFilterChain.doFilter(ApplicationFilterChain.java:166) [tomcat-embed-core-9.0.19.jar:9.0.19]
	at org.springframework.web.filter.HiddenHttpMethodFilter.doFilterInternal(HiddenHttpMethodFilter.java:93) [spring-web-5.1.7.RELEASE.jar:5.1.7.RELEASE]
	at org.springframework.web.filter.OncePerRequestFilter.doFilter(OncePerRequestFilter.java:107) [spring-web-5.1.7.RELEASE.jar:5.1.7.RELEASE]
	at org.apache.catalina.core.ApplicationFilterChain.internalDoFilter(ApplicationFilterChain.java:193) [tomcat-embed-core-9.0.19.jar:9.0.19]
	at org.apache.catalina.core.ApplicationFilterChain.doFilter(ApplicationFilterChain.java:166) [tomcat-embed-core-9.0.19.jar:9.0.19]
	at org.springframework.web.filter.CharacterEncodingFilter.doFilterInternal(CharacterEncodingFilter.java:200) [spring-web-5.1.7.RELEASE.jar:5.1.7.RELEASE]
	at org.springframework.web.filter.OncePerRequestFilter.doFilter(OncePerRequestFilter.java:107) [spring-web-5.1.7.RELEASE.jar:5.1.7.RELEASE]
	at org.apache.catalina.core.ApplicationFilterChain.internalDoFilter(ApplicationFilterChain.java:193) [tomcat-embed-core-9.0.19.jar:9.0.19]
	at org.apache.catalina.core.ApplicationFilterChain.doFilter(ApplicationFilterChain.java:166) [tomcat-embed-core-9.0.19.jar:9.0.19]
	at org.apache.catalina.core.StandardWrapperValve.invoke(StandardWrapperValve.java:200) [tomcat-embed-core-9.0.19.jar:9.0.19]
	at org.apache.catalina.core.StandardContextValve.invoke(StandardContextValve.java:96) [tomcat-embed-core-9.0.19.jar:9.0.19]
	at org.apache.catalina.authenticator.AuthenticatorBase.invoke(AuthenticatorBase.java:490) [tomcat-embed-core-9.0.19.jar:9.0.19]
	at org.apache.catalina.core.StandardHostValve.invoke(StandardHostValve.java:139) [tomcat-embed-core-9.0.19.jar:9.0.19]
	at org.apache.catalina.valves.ErrorReportValve.invoke(ErrorReportValve.java:92) [tomcat-embed-core-9.0.19.jar:9.0.19]
	at org.apache.catalina.core.StandardEngineValve.invoke(StandardEngineValve.java:74) [tomcat-embed-core-9.0.19.jar:9.0.19]
	at org.apache.catalina.connector.CoyoteAdapter.service(CoyoteAdapter.java:343) [tomcat-embed-core-9.0.19.jar:9.0.19]
	at org.apache.coyote.http11.Http11Processor.service(Http11Processor.java:408) [tomcat-embed-core-9.0.19.jar:9.0.19]
	at org.apache.coyote.AbstractProcessorLight.process(AbstractProcessorLight.java:66) [tomcat-embed-core-9.0.19.jar:9.0.19]
	at org.apache.coyote.AbstractProtocol$ConnectionHandler.process(AbstractProtocol.java:836) [tomcat-embed-core-9.0.19.jar:9.0.19]
	at org.apache.tomcat.util.net.NioEndpoint$SocketProcessor.doRun(NioEndpoint.java:1747) [tomcat-embed-core-9.0.19.jar:9.0.19]
	at org.apache.tomcat.util.net.SocketProcessorBase.run(SocketProcessorBase.java:49) [tomcat-embed-core-9.0.19.jar:9.0.19]
	at java.util.concurrent.ThreadPoolExecutor.runWorker(ThreadPoolExecutor.java:1149) [?:1.8.0_201]
	at java.util.concurrent.ThreadPoolExecutor$Worker.run(ThreadPoolExecutor.java:624) [?:1.8.0_201]
	at org.apache.tomcat.util.threads.TaskThread$WrappingRunnable.run(TaskThread.java:61) [tomcat-embed-core-9.0.19.jar:9.0.19]
	at java.lang.Thread.run(Thread.java:748) [?:1.8.0_201]
Caused by: org.apache.ibatis.exceptions.PersistenceException: 
### Error querying database.  Cause: org.springframework.jdbc.CannotGetJdbcConnectionException: Failed to obtain JDBC Connection; nested exception is java.sql.SQLSyntaxErrorException: Unknown database 'story1'
### The error may exist in file [F:\Java项目\Libra\target\classes\mapper\AdminMapper.xml]
### The error may involve cn.coolhao.app.dao.AdminDao.getAll
### The error occurred while executing a query
### Cause: org.springframework.jdbc.CannotGetJdbcConnectionException: Failed to obtain JDBC Connection; nested exception is java.sql.SQLSyntaxErrorException: Unknown database 'story1'
	at org.apache.ibatis.exceptions.ExceptionFactory.wrapException(ExceptionFactory.java:30) ~[mybatis-3.5.0.jar:3.5.0]
	at org.apache.ibatis.session.defaults.DefaultSqlSession.selectList(DefaultSqlSession.java:150) ~[mybatis-3.5.0.jar:3.5.0]
	at org.apache.ibatis.session.defaults.DefaultSqlSession.selectList(DefaultSqlSession.java:141) ~[mybatis-3.5.0.jar:3.5.0]
	at sun.reflect.NativeMethodAccessorImpl.invoke0(Native Method) ~[?:1.8.0_201]
	at sun.reflect.NativeMethodAccessorImpl.invoke(NativeMethodAccessorImpl.java:62) ~[?:1.8.0_201]
	at sun.reflect.DelegatingMethodAccessorImpl.invoke(DelegatingMethodAccessorImpl.java:43) ~[?:1.8.0_201]
	at java.lang.reflect.Method.invoke(Method.java:498) ~[?:1.8.0_201]
	at org.mybatis.spring.SqlSessionTemplate$SqlSessionInterceptor.invoke(SqlSessionTemplate.java:433) ~[mybatis-spring-2.0.0.jar:2.0.0]
	... 90 more
Caused by: org.springframework.jdbc.CannotGetJdbcConnectionException: Failed to obtain JDBC Connection; nested exception is java.sql.SQLSyntaxErrorException: Unknown database 'story1'
	at org.springframework.jdbc.datasource.DataSourceUtils.getConnection(DataSourceUtils.java:81) ~[spring-jdbc-5.1.7.RELEASE.jar:5.1.7.RELEASE]
	at org.mybatis.spring.transaction.SpringManagedTransaction.openConnection(SpringManagedTransaction.java:82) ~[mybatis-spring-2.0.0.jar:2.0.0]
	at org.mybatis.spring.transaction.SpringManagedTransaction.getConnection(SpringManagedTransaction.java:68) ~[mybatis-spring-2.0.0.jar:2.0.0]
	at org.apache.ibatis.executor.BaseExecutor.getConnection(BaseExecutor.java:336) ~[mybatis-3.5.0.jar:3.5.0]
	at org.apache.ibatis.executor.SimpleExecutor.prepareStatement(SimpleExecutor.java:85) ~[mybatis-3.5.0.jar:3.5.0]
	at org.apache.ibatis.executor.SimpleExecutor.doQuery(SimpleExecutor.java:62) ~[mybatis-3.5.0.jar:3.5.0]
	at org.apache.ibatis.executor.BaseExecutor.queryFromDatabase(BaseExecutor.java:324) ~[mybatis-3.5.0.jar:3.5.0]
	at org.apache.ibatis.executor.BaseExecutor.query(BaseExecutor.java:156) ~[mybatis-3.5.0.jar:3.5.0]
	at org.apache.ibatis.executor.CachingExecutor.query(CachingExecutor.java:109) ~[mybatis-3.5.0.jar:3.5.0]
	at org.apache.ibatis.executor.CachingExecutor.query(CachingExecutor.java:83) ~[mybatis-3.5.0.jar:3.5.0]
	at org.apache.ibatis.session.defaults.DefaultSqlSession.selectList(DefaultSqlSession.java:148) ~[mybatis-3.5.0.jar:3.5.0]
	at org.apache.ibatis.session.defaults.DefaultSqlSession.selectList(DefaultSqlSession.java:141) ~[mybatis-3.5.0.jar:3.5.0]
	at sun.reflect.NativeMethodAccessorImpl.invoke0(Native Method) ~[?:1.8.0_201]
	at sun.reflect.NativeMethodAccessorImpl.invoke(NativeMethodAccessorImpl.java:62) ~[?:1.8.0_201]
	at sun.reflect.DelegatingMethodAccessorImpl.invoke(DelegatingMethodAccessorImpl.java:43) ~[?:1.8.0_201]
	at java.lang.reflect.Method.invoke(Method.java:498) ~[?:1.8.0_201]
	at org.mybatis.spring.SqlSessionTemplate$SqlSessionInterceptor.invoke(SqlSessionTemplate.java:433) ~[mybatis-spring-2.0.0.jar:2.0.0]
	... 90 more
Caused by: java.sql.SQLSyntaxErrorException: Unknown database 'story1'
	at com.mysql.cj.jdbc.exceptions.SQLError.createSQLException(SQLError.java:120) ~[mysql-connector-java-8.0.16.jar:8.0.16]
	at com.mysql.cj.jdbc.exceptions.SQLError.createSQLException(SQLError.java:97) ~[mysql-connector-java-8.0.16.jar:8.0.16]
	at com.mysql.cj.jdbc.exceptions.SQLExceptionsMapping.translateException(SQLExceptionsMapping.java:122) ~[mysql-connector-java-8.0.16.jar:8.0.16]
	at com.mysql.cj.jdbc.ConnectionImpl.createNewIO(ConnectionImpl.java:835) ~[mysql-connector-java-8.0.16.jar:8.0.16]
	at com.mysql.cj.jdbc.ConnectionImpl.<init>(ConnectionImpl.java:455) ~[mysql-connector-java-8.0.16.jar:8.0.16]
	at com.mysql.cj.jdbc.ConnectionImpl.getInstance(ConnectionImpl.java:240) ~[mysql-connector-java-8.0.16.jar:8.0.16]
	at com.mysql.cj.jdbc.NonRegisteringDriver.connect(NonRegisteringDriver.java:199) ~[mysql-connector-java-8.0.16.jar:8.0.16]
	at com.zaxxer.hikari.util.DriverDataSource.getConnection(DriverDataSource.java:136) ~[HikariCP-3.2.0.jar:?]
	at com.zaxxer.hikari.pool.PoolBase.newConnection(PoolBase.java:369) ~[HikariCP-3.2.0.jar:?]
	at com.zaxxer.hikari.pool.PoolBase.newPoolEntry(PoolBase.java:198) ~[HikariCP-3.2.0.jar:?]
	at com.zaxxer.hikari.pool.HikariPool.createPoolEntry(HikariPool.java:467) ~[HikariCP-3.2.0.jar:?]
	at com.zaxxer.hikari.pool.HikariPool.checkFailFast(HikariPool.java:541) ~[HikariCP-3.2.0.jar:?]
	at com.zaxxer.hikari.pool.HikariPool.<init>(HikariPool.java:115) ~[HikariCP-3.2.0.jar:?]
	at com.zaxxer.hikari.HikariDataSource.getConnection(HikariDataSource.java:112) ~[HikariCP-3.2.0.jar:?]
	at org.springframework.jdbc.datasource.DataSourceUtils.fetchConnection(DataSourceUtils.java:157) ~[spring-jdbc-5.1.7.RELEASE.jar:5.1.7.RELEASE]
	at org.springframework.jdbc.datasource.DataSourceUtils.doGetConnection(DataSourceUtils.java:115) ~[spring-jdbc-5.1.7.RELEASE.jar:5.1.7.RELEASE]
	at org.springframework.jdbc.datasource.DataSourceUtils.getConnection(DataSourceUtils.java:78) ~[spring-jdbc-5.1.7.RELEASE.jar:5.1.7.RELEASE]
	at org.mybatis.spring.transaction.SpringManagedTransaction.openConnection(SpringManagedTransaction.java:82) ~[mybatis-spring-2.0.0.jar:2.0.0]
	at org.mybatis.spring.transaction.SpringManagedTransaction.getConnection(SpringManagedTransaction.java:68) ~[mybatis-spring-2.0.0.jar:2.0.0]
	at org.apache.ibatis.executor.BaseExecutor.getConnection(BaseExecutor.java:336) ~[mybatis-3.5.0.jar:3.5.0]
	at org.apache.ibatis.executor.SimpleExecutor.prepareStatement(SimpleExecutor.java:85) ~[mybatis-3.5.0.jar:3.5.0]
	at org.apache.ibatis.executor.SimpleExecutor.doQuery(SimpleExecutor.java:62) ~[mybatis-3.5.0.jar:3.5.0]
	at org.apache.ibatis.executor.BaseExecutor.queryFromDatabase(BaseExecutor.java:324) ~[mybatis-3.5.0.jar:3.5.0]
	at org.apache.ibatis.executor.BaseExecutor.query(BaseExecutor.java:156) ~[mybatis-3.5.0.jar:3.5.0]
	at org.apache.ibatis.executor.CachingExecutor.query(CachingExecutor.java:109) ~[mybatis-3.5.0.jar:3.5.0]
	at org.apache.ibatis.executor.CachingExecutor.query(CachingExecutor.java:83) ~[mybatis-3.5.0.jar:3.5.0]
	at org.apache.ibatis.session.defaults.DefaultSqlSession.selectList(DefaultSqlSession.java:148) ~[mybatis-3.5.0.jar:3.5.0]
	at org.apache.ibatis.session.defaults.DefaultSqlSession.selectList(DefaultSqlSession.java:141) ~[mybatis-3.5.0.jar:3.5.0]
	at sun.reflect.NativeMethodAccessorImpl.invoke0(Native Method) ~[?:1.8.0_201]
	at sun.reflect.NativeMethodAccessorImpl.invoke(NativeMethodAccessorImpl.java:62) ~[?:1.8.0_201]
	at sun.reflect.DelegatingMethodAccessorImpl.invoke(DelegatingMethodAccessorImpl.java:43) ~[?:1.8.0_201]
	at java.lang.reflect.Method.invoke(Method.java:498) ~[?:1.8.0_201]
	at org.mybatis.spring.SqlSessionTemplate$SqlSessionInterceptor.invoke(SqlSessionTemplate.java:433) ~[mybatis-spring-2.0.0.jar:2.0.0]
	... 90 more
2019-05-25 14:05:37.716 - INFO  [nio-3743-exec-1] c.c.a.c.BaseController         : url=/admin/getAll
2019-05-25 14:05:37.716 - INFO  [nio-3743-exec-1] c.c.a.c.BaseController         : method=GET
2019-05-25 14:05:37.717 - INFO  [nio-3743-exec-1] c.c.a.c.BaseController         : ip=0:0:0:0:0:0:0:1
2019-05-25 14:05:37.717 - INFO  [nio-3743-exec-1] c.c.a.c.BaseController         : class_method=cn.coolhao.app.controller.admin.AdminController.getInfo
2019-05-25 14:05:37.717 - INFO  [nio-3743-exec-1] c.c.a.c.BaseController         : args={}
2019-05-25 14:05:37.718 - INFO  [nio-3743-exec-1] c.c.a.c.BaseController         : 自定义注解值=yyyy-MM-dd
2019-05-25 14:05:37.722 - INFO  [nio-3743-exec-1] c.c.a.c.a.AdminController      : 进来getAll
2019-05-25 14:05:38.739 - INFO  [nio-3743-exec-1] c.c.a.h.ExceptionHandle        : 【系统异常】=org.mybatis.spring.MyBatisSystemException: nested exception is org.apache.ibatis.exceptions.PersistenceException: 
### Error querying database.  Cause: org.springframework.jdbc.CannotGetJdbcConnectionException: Failed to obtain JDBC Connection; nested exception is java.sql.SQLSyntaxErrorException: Unknown database 'story1'
### The error may exist in file [F:\Java项目\Libra\target\classes\mapper\AdminMapper.xml]
### The error may involve cn.coolhao.app.dao.AdminDao.getAll
### The error occurred while executing a query
### Cause: org.springframework.jdbc.CannotGetJdbcConnectionException: Failed to obtain JDBC Connection; nested exception is java.sql.SQLSyntaxErrorException: Unknown database 'story1'
2019-05-25 14:06:34.603 - INFO  [nio-3743-exec-1] c.c.a.c.BaseController         : url=/admin/getAll
2019-05-25 14:06:34.604 - INFO  [nio-3743-exec-1] c.c.a.c.BaseController         : method=GET
2019-05-25 14:06:34.604 - INFO  [nio-3743-exec-1] c.c.a.c.BaseController         : ip=0:0:0:0:0:0:0:1
2019-05-25 14:06:34.605 - INFO  [nio-3743-exec-1] c.c.a.c.BaseController         : class_method=cn.coolhao.app.controller.admin.AdminController.getInfo
2019-05-25 14:06:34.605 - INFO  [nio-3743-exec-1] c.c.a.c.BaseController         : args={}
2019-05-25 14:06:34.606 - INFO  [nio-3743-exec-1] c.c.a.c.BaseController         : 自定义注解值=yyyy-MM-dd
2019-05-25 14:06:34.621 - INFO  [nio-3743-exec-1] c.c.a.c.a.AdminController      : 进来getAll
2019-05-25 14:06:35.643 - INFO  [nio-3743-exec-1] c.c.a.h.ExceptionHandle        : 【系统异常】=org.mybatis.spring.MyBatisSystemException: nested exception is org.apache.ibatis.exceptions.PersistenceException: 
### Error querying database.  Cause: org.springframework.jdbc.CannotGetJdbcConnectionException: Failed to obtain JDBC Connection; nested exception is java.sql.SQLSyntaxErrorException: Unknown database 'story1'
### The error may exist in file [F:\Java项目\Libra\target\classes\mapper\AdminMapper.xml]
### The error may involve cn.coolhao.app.dao.AdminDao.getAll
### The error occurred while executing a query
### Cause: org.springframework.jdbc.CannotGetJdbcConnectionException: Failed to obtain JDBC Connection; nested exception is java.sql.SQLSyntaxErrorException: Unknown database 'story1'
2019-05-25 14:06:48.641 - INFO  [nio-3743-exec-1] c.c.a.c.BaseController         : url=/admin/getAll
2019-05-25 14:06:48.642 - INFO  [nio-3743-exec-1] c.c.a.c.BaseController         : method=GET
2019-05-25 14:06:48.642 - INFO  [nio-3743-exec-1] c.c.a.c.BaseController         : ip=0:0:0:0:0:0:0:1
2019-05-25 14:06:48.643 - INFO  [nio-3743-exec-1] c.c.a.c.BaseController         : class_method=cn.coolhao.app.controller.admin.AdminController.getInfo
2019-05-25 14:06:48.645 - INFO  [nio-3743-exec-1] c.c.a.c.BaseController         : args={}
2019-05-25 14:06:48.646 - INFO  [nio-3743-exec-1] c.c.a.c.BaseController         : 自定义注解值=yyyy-MM-dd
2019-05-25 14:06:48.653 - INFO  [nio-3743-exec-1] c.c.a.c.a.AdminController      : 进来getAll
2019-05-25 14:06:49.669 - INFO  [nio-3743-exec-1] c.c.a.h.ExceptionHandle        : 【系统异常】=org.mybatis.spring.MyBatisSystemException: nested exception is org.apache.ibatis.exceptions.PersistenceException: 
### Error querying database.  Cause: org.springframework.jdbc.CannotGetJdbcConnectionException: Failed to obtain JDBC Connection; nested exception is java.sql.SQLSyntaxErrorException: Unknown database 'story1'
### The error may exist in file [F:\Java项目\Libra\target\classes\mapper\AdminMapper.xml]
### The error may involve cn.coolhao.app.dao.AdminDao.getAll
### The error occurred while executing a query
### Cause: org.springframework.jdbc.CannotGetJdbcConnectionException: Failed to obtain JDBC Connection; nested exception is java.sql.SQLSyntaxErrorException: Unknown database 'story1'
2019-05-25 14:09:35.402 - INFO  [nio-3743-exec-1] c.c.a.c.BaseController         : url=/admin/getAll
2019-05-25 14:09:35.403 - INFO  [nio-3743-exec-1] c.c.a.c.BaseController         : method=GET
2019-05-25 14:09:35.404 - INFO  [nio-3743-exec-1] c.c.a.c.BaseController         : ip=0:0:0:0:0:0:0:1
2019-05-25 14:09:35.405 - INFO  [nio-3743-exec-1] c.c.a.c.BaseController         : class_method=cn.coolhao.app.controller.admin.AdminController.getInfo
2019-05-25 14:09:35.405 - INFO  [nio-3743-exec-1] c.c.a.c.BaseController         : args={}
2019-05-25 14:09:35.408 - INFO  [nio-3743-exec-1] c.c.a.c.BaseController         : 自定义注解值=yyyy-MM-dd
2019-05-25 14:09:35.416 - INFO  [nio-3743-exec-1] c.c.a.c.a.AdminController      : 进来getAll
2019-05-25 14:12:21.687 - INFO  [nio-3743-exec-2] c.c.a.c.BaseController         : url=/admin/getAll
2019-05-25 14:12:21.688 - INFO  [nio-3743-exec-2] c.c.a.c.BaseController         : method=GET
2019-05-25 14:12:21.688 - INFO  [nio-3743-exec-2] c.c.a.c.BaseController         : ip=0:0:0:0:0:0:0:1
2019-05-25 14:12:21.688 - INFO  [nio-3743-exec-2] c.c.a.c.BaseController         : class_method=cn.coolhao.app.controller.admin.AdminController.getInfo
2019-05-25 14:12:21.689 - INFO  [nio-3743-exec-2] c.c.a.c.BaseController         : args={}
2019-05-25 14:12:21.690 - INFO  [nio-3743-exec-2] c.c.a.c.BaseController         : 自定义注解值=yyyy-MM-dd
2019-05-25 14:12:21.702 - INFO  [nio-3743-exec-2] c.c.a.c.a.AdminController      : 进来getAll
2019-05-25 14:14:35.597 - INFO  [nio-3743-exec-1] c.c.a.c.BaseController         : url=/admin/getAll
2019-05-25 14:14:35.599 - INFO  [nio-3743-exec-1] c.c.a.c.BaseController         : method=GET
2019-05-25 14:14:35.600 - INFO  [nio-3743-exec-1] c.c.a.c.BaseController         : ip=0:0:0:0:0:0:0:1
2019-05-25 14:14:35.605 - INFO  [nio-3743-exec-1] c.c.a.c.BaseController         : class_method=cn.coolhao.app.controller.admin.AdminController.getInfo
2019-05-25 14:14:35.606 - INFO  [nio-3743-exec-1] c.c.a.c.BaseController         : args={}
2019-05-25 14:14:35.614 - INFO  [nio-3743-exec-1] c.c.a.c.BaseController         : 自定义注解值=yyyy-MM-dd
2019-05-25 14:14:35.627 - INFO  [nio-3743-exec-1] c.c.a.c.a.AdminController      : 进来getAll
2019-05-25 14:16:56.283 - INFO  [nio-3743-exec-1] c.c.a.c.BaseController         : url=/admin/getAll
2019-05-25 14:16:56.283 - INFO  [nio-3743-exec-1] c.c.a.c.BaseController         : method=GET
2019-05-25 14:16:56.284 - INFO  [nio-3743-exec-1] c.c.a.c.BaseController         : ip=0:0:0:0:0:0:0:1
2019-05-25 14:16:56.285 - INFO  [nio-3743-exec-1] c.c.a.c.BaseController         : class_method=cn.coolhao.app.controller.admin.AdminController.getInfo
2019-05-25 14:16:56.285 - INFO  [nio-3743-exec-1] c.c.a.c.BaseController         : args={}
2019-05-25 14:16:56.287 - INFO  [nio-3743-exec-1] c.c.a.c.BaseController         : 自定义注解值=yyyy-MM-dd
2019-05-25 14:16:56.293 - INFO  [nio-3743-exec-1] c.c.a.c.a.AdminController      : 进来getAll
2019-05-25 14:31:34.076 - INFO  [nio-3743-exec-1] c.c.a.c.BaseController         : url=/admin/getAll
2019-05-25 14:31:34.077 - INFO  [nio-3743-exec-1] c.c.a.c.BaseController         : method=GET
2019-05-25 14:31:34.077 - INFO  [nio-3743-exec-1] c.c.a.c.BaseController         : ip=0:0:0:0:0:0:0:1
2019-05-25 14:31:34.081 - INFO  [nio-3743-exec-1] c.c.a.c.BaseController         : class_method=cn.coolhao.app.controller.admin.AdminController.getInfo
2019-05-25 14:31:34.082 - INFO  [nio-3743-exec-1] c.c.a.c.BaseController         : args={}
2019-05-25 14:31:34.094 - INFO  [nio-3743-exec-1] c.c.a.c.BaseController         : 自定义注解值=yyyy-MM-dd
2019-05-25 14:31:34.106 - INFO  [nio-3743-exec-1] c.c.a.c.a.AdminController      : 进来getAll
2019-05-25 14:33:59.525 - INFO  [nio-3743-exec-1] c.c.a.c.BaseController         : url=/admin/getAll
2019-05-25 14:33:59.525 - INFO  [nio-3743-exec-1] c.c.a.c.BaseController         : method=GET
2019-05-25 14:33:59.526 - INFO  [nio-3743-exec-1] c.c.a.c.BaseController         : ip=0:0:0:0:0:0:0:1
2019-05-25 14:33:59.526 - INFO  [nio-3743-exec-1] c.c.a.c.BaseController         : class_method=cn.coolhao.app.controller.admin.AdminController.getInfo
2019-05-25 14:33:59.527 - INFO  [nio-3743-exec-1] c.c.a.c.BaseController         : args={}
2019-05-25 14:33:59.528 - INFO  [nio-3743-exec-1] c.c.a.c.BaseController         : 自定义注解值=yyyy-MM-dd
2019-05-25 14:33:59.536 - INFO  [nio-3743-exec-1] c.c.a.c.a.AdminController      : 进来getAll
2019-05-25 14:34:00.553 - INFO  [nio-3743-exec-1] c.c.a.h.ExceptionHandle        : mybatis异常=org.mybatis.spring.MyBatisSystemException: nested exception is org.apache.ibatis.exceptions.PersistenceException: 
### Error querying database.  Cause: org.springframework.jdbc.CannotGetJdbcConnectionException: Failed to obtain JDBC Connection; nested exception is java.sql.SQLSyntaxErrorException: Unknown database 'story1'
### The error may exist in file [F:\Java项目\Libra\target\classes\mapper\AdminMapper.xml]
### The error may involve cn.coolhao.app.dao.AdminDao.getAll
### The error occurred while executing a query
### Cause: org.springframework.jdbc.CannotGetJdbcConnectionException: Failed to obtain JDBC Connection; nested exception is java.sql.SQLSyntaxErrorException: Unknown database 'story1'
2019-05-25 14:36:10.593 - INFO  [nio-3743-exec-9] c.c.a.c.BaseController         : url=/admin/getAll
2019-05-25 14:36:10.593 - INFO  [nio-3743-exec-9] c.c.a.c.BaseController         : method=GET
2019-05-25 14:36:10.594 - INFO  [nio-3743-exec-9] c.c.a.c.BaseController         : ip=127.0.0.1
2019-05-25 14:36:10.595 - INFO  [nio-3743-exec-9] c.c.a.c.BaseController         : class_method=cn.coolhao.app.controller.admin.AdminController.getInfo
2019-05-25 14:36:10.595 - INFO  [nio-3743-exec-9] c.c.a.c.BaseController         : args={}
2019-05-25 14:36:10.596 - INFO  [nio-3743-exec-9] c.c.a.c.BaseController         : 自定义注解值=yyyy-MM-dd
2019-05-25 14:36:10.613 - INFO  [nio-3743-exec-9] c.c.a.c.a.AdminController      : 进来getAll
2019-05-25 14:37:11.392 - INFO  [nio-3743-exec-7] c.c.a.c.BaseController         : url=/admin/getAll
2019-05-25 14:37:11.393 - INFO  [nio-3743-exec-7] c.c.a.c.BaseController         : method=GET
2019-05-25 14:37:11.393 - INFO  [nio-3743-exec-7] c.c.a.c.BaseController         : ip=0:0:0:0:0:0:0:1
2019-05-25 14:37:11.394 - INFO  [nio-3743-exec-7] c.c.a.c.BaseController         : class_method=cn.coolhao.app.controller.admin.AdminController.getInfo
2019-05-25 14:37:11.396 - INFO  [nio-3743-exec-7] c.c.a.c.BaseController         : args={}
2019-05-25 14:37:11.397 - INFO  [nio-3743-exec-7] c.c.a.c.BaseController         : 自定义注解值=yyyy-MM-dd
2019-05-25 14:37:11.404 - INFO  [nio-3743-exec-7] c.c.a.c.a.AdminController      : 进来getAll
2019-05-25 14:37:13.086 - INFO  [nio-3743-exec-7] c.c.a.h.ExceptionHandle        : mybatis异常=org.mybatis.spring.MyBatisSystemException: nested exception is org.apache.ibatis.exceptions.PersistenceException: 
### Error querying database.  Cause: org.springframework.jdbc.CannotGetJdbcConnectionException: Failed to obtain JDBC Connection; nested exception is java.sql.SQLSyntaxErrorException: Unknown database 'story1'
### The error may exist in file [F:\Java项目\Libra\target\classes\mapper\AdminMapper.xml]
### The error may involve cn.coolhao.app.dao.AdminDao.getAll
### The error occurred while executing a query
### Cause: org.springframework.jdbc.CannotGetJdbcConnectionException: Failed to obtain JDBC Connection; nested exception is java.sql.SQLSyntaxErrorException: Unknown database 'story1'
2019-05-25 14:37:13.086 - INFO  [nio-3743-exec-7] c.c.a.h.ExceptionHandle        : 查看异常=org.apache.ibatis.exceptions.PersistenceException: 
### Error querying database.  Cause: org.springframework.jdbc.CannotGetJdbcConnectionException: Failed to obtain JDBC Connection; nested exception is java.sql.SQLSyntaxErrorException: Unknown database 'story1'
### The error may exist in file [F:\Java项目\Libra\target\classes\mapper\AdminMapper.xml]
### The error may involve cn.coolhao.app.dao.AdminDao.getAll
### The error occurred while executing a query
### Cause: org.springframework.jdbc.CannotGetJdbcConnectionException: Failed to obtain JDBC Connection; nested exception is java.sql.SQLSyntaxErrorException: Unknown database 'story1'
2019-05-25 14:38:58.298 - INFO  [nio-3743-exec-1] c.c.a.c.BaseController         : url=/admin/getAll
2019-05-25 14:38:58.298 - INFO  [nio-3743-exec-1] c.c.a.c.BaseController         : method=GET
2019-05-25 14:38:58.299 - INFO  [nio-3743-exec-1] c.c.a.c.BaseController         : ip=127.0.0.1
2019-05-25 14:38:58.299 - INFO  [nio-3743-exec-1] c.c.a.c.BaseController         : class_method=cn.coolhao.app.controller.admin.AdminController.getInfo
2019-05-25 14:38:58.299 - INFO  [nio-3743-exec-1] c.c.a.c.BaseController         : args={}
2019-05-25 14:38:58.301 - INFO  [nio-3743-exec-1] c.c.a.c.BaseController         : 自定义注解值=yyyy-MM-dd
2019-05-25 14:38:58.306 - INFO  [nio-3743-exec-1] c.c.a.c.a.AdminController      : 进来getAll
2019-05-25 14:38:59.320 - INFO  [nio-3743-exec-1] c.c.a.h.ExceptionHandle        : mybatis异常=org.mybatis.spring.MyBatisSystemException: nested exception is org.apache.ibatis.exceptions.PersistenceException: 
### Error querying database.  Cause: org.springframework.jdbc.CannotGetJdbcConnectionException: Failed to obtain JDBC Connection; nested exception is java.sql.SQLSyntaxErrorException: Unknown database 'story1'
### The error may exist in file [F:\Java项目\Libra\target\classes\mapper\AdminMapper.xml]
### The error may involve cn.coolhao.app.dao.AdminDao.getAll
### The error occurred while executing a query
### Cause: org.springframework.jdbc.CannotGetJdbcConnectionException: Failed to obtain JDBC Connection; nested exception is java.sql.SQLSyntaxErrorException: Unknown database 'story1'
2019-05-25 14:38:59.321 - INFO  [nio-3743-exec-1] c.c.a.h.ExceptionHandle        : 查看异常=
### Error querying database.  Cause: org.springframework.jdbc.CannotGetJdbcConnectionException: Failed to obtain JDBC Connection; nested exception is java.sql.SQLSyntaxErrorException: Unknown database 'story1'
### The error may exist in file [F:\Java项目\Libra\target\classes\mapper\AdminMapper.xml]
### The error may involve cn.coolhao.app.dao.AdminDao.getAll
### The error occurred while executing a query
### Cause: org.springframework.jdbc.CannotGetJdbcConnectionException: Failed to obtain JDBC Connection; nested exception is java.sql.SQLSyntaxErrorException: Unknown database 'story1'
2019-05-25 14:38:59.322 - INFO  [nio-3743-exec-1] c.c.a.h.ExceptionHandle        : sql异常=Failed to obtain JDBC Connection; nested exception is java.sql.SQLSyntaxErrorException: Unknown database 'story1'
2019-05-25 14:41:08.972 - INFO  [nio-3743-exec-1] c.c.a.c.BaseController         : url=/admin/getAll
2019-05-25 14:41:08.972 - INFO  [nio-3743-exec-1] c.c.a.c.BaseController         : method=GET
2019-05-25 14:41:08.972 - INFO  [nio-3743-exec-1] c.c.a.c.BaseController         : ip=0:0:0:0:0:0:0:1
2019-05-25 14:41:08.973 - INFO  [nio-3743-exec-1] c.c.a.c.BaseController         : class_method=cn.coolhao.app.controller.admin.AdminController.getInfo
2019-05-25 14:41:08.973 - INFO  [nio-3743-exec-1] c.c.a.c.BaseController         : args={}
2019-05-25 14:41:08.975 - INFO  [nio-3743-exec-1] c.c.a.c.BaseController         : 自定义注解值=yyyy-MM-dd
2019-05-25 14:41:08.983 - INFO  [nio-3743-exec-1] c.c.a.c.a.AdminController      : 进来getAll
2019-05-25 14:41:10.038 - INFO  [nio-3743-exec-1] c.c.a.h.ExceptionHandle        : mybatis异常=org.mybatis.spring.MyBatisSystemException: nested exception is org.apache.ibatis.exceptions.PersistenceException: 
### Error querying database.  Cause: org.springframework.jdbc.CannotGetJdbcConnectionException: Failed to obtain JDBC Connection; nested exception is java.sql.SQLSyntaxErrorException: Unknown database 'story1'
### The error may exist in file [F:\Java项目\Libra\target\classes\mapper\AdminMapper.xml]
### The error may involve cn.coolhao.app.dao.AdminDao.getAll
### The error occurred while executing a query
### Cause: org.springframework.jdbc.CannotGetJdbcConnectionException: Failed to obtain JDBC Connection; nested exception is java.sql.SQLSyntaxErrorException: Unknown database 'story1'
2019-05-25 14:41:10.039 - INFO  [nio-3743-exec-1] c.c.a.h.ExceptionHandle        : PersistenceException异常=Failed to obtain JDBC Connection; nested exception is java.sql.SQLSyntaxErrorException: Unknown database 'story1'
2019-05-25 14:41:55.704 - INFO  [io-3743-exec-10] c.c.a.c.BaseController         : url=/admin/getAll
2019-05-25 14:41:55.704 - INFO  [io-3743-exec-10] c.c.a.c.BaseController         : method=GET
2019-05-25 14:41:55.704 - INFO  [io-3743-exec-10] c.c.a.c.BaseController         : ip=0:0:0:0:0:0:0:1
2019-05-25 14:41:55.706 - INFO  [io-3743-exec-10] c.c.a.c.BaseController         : class_method=cn.coolhao.app.controller.admin.AdminController.getInfo
2019-05-25 14:41:55.710 - INFO  [io-3743-exec-10] c.c.a.c.BaseController         : args={}
2019-05-25 14:41:55.712 - INFO  [io-3743-exec-10] c.c.a.c.BaseController         : 自定义注解值=yyyy-MM-dd
2019-05-25 14:41:55.719 - INFO  [io-3743-exec-10] c.c.a.c.a.AdminController      : 进来getAll
2019-05-25 14:41:56.735 - INFO  [io-3743-exec-10] c.c.a.h.ExceptionHandle        : mybatis异常=org.mybatis.spring.MyBatisSystemException: nested exception is org.apache.ibatis.exceptions.PersistenceException: 
### Error querying database.  Cause: org.springframework.jdbc.CannotGetJdbcConnectionException: Failed to obtain JDBC Connection; nested exception is java.sql.SQLSyntaxErrorException: Unknown database 'story1'
### The error may exist in file [F:\Java项目\Libra\target\classes\mapper\AdminMapper.xml]
### The error may involve cn.coolhao.app.dao.AdminDao.getAll
### The error occurred while executing a query
### Cause: org.springframework.jdbc.CannotGetJdbcConnectionException: Failed to obtain JDBC Connection; nested exception is java.sql.SQLSyntaxErrorException: Unknown database 'story1'
2019-05-25 14:41:56.736 - INFO  [io-3743-exec-10] c.c.a.h.ExceptionHandle        : PersistenceException异常=Failed to obtain JDBC Connection; nested exception is java.sql.SQLSyntaxErrorException: Unknown database 'story1'
2019-05-25 14:54:16.667 - INFO  [nio-3743-exec-1] c.c.a.c.BaseController         : url=/admin/getAll
2019-05-25 14:54:16.685 - INFO  [nio-3743-exec-1] c.c.a.c.BaseController         : method=GET
2019-05-25 14:54:16.686 - INFO  [nio-3743-exec-1] c.c.a.c.BaseController         : ip=0:0:0:0:0:0:0:1
2019-05-25 14:54:16.690 - INFO  [nio-3743-exec-1] c.c.a.c.BaseController         : class_method=cn.coolhao.app.controller.admin.AdminController.getInfo
2019-05-25 14:54:16.690 - INFO  [nio-3743-exec-1] c.c.a.c.BaseController         : args={}
2019-05-25 14:54:16.700 - INFO  [nio-3743-exec-1] c.c.a.c.BaseController         : 自定义注解值=yyyy-MM-dd
2019-05-25 14:54:16.705 - INFO  [nio-3743-exec-1] c.c.a.c.a.AdminController      : 进来getAll
2019-05-25 14:54:18.407 - INFO  [nio-3743-exec-1] c.c.a.h.ExceptionHandle        : mybatis异常=org.mybatis.spring.MyBatisSystemException: nested exception is org.apache.ibatis.exceptions.PersistenceException: 
### Error querying database.  Cause: org.springframework.jdbc.CannotGetJdbcConnectionException: Failed to obtain JDBC Connection; nested exception is java.sql.SQLSyntaxErrorException: Unknown database 'story1'
### The error may exist in file [F:\Java项目\Libra\target\classes\mapper\AdminMapper.xml]
### The error may involve cn.coolhao.app.dao.AdminDao.getAll
### The error occurred while executing a query
### Cause: org.springframework.jdbc.CannotGetJdbcConnectionException: Failed to obtain JDBC Connection; nested exception is java.sql.SQLSyntaxErrorException: Unknown database 'story1'
2019-05-25 14:54:18.409 - INFO  [nio-3743-exec-1] c.c.a.h.ExceptionHandle        : PersistenceException异常=Failed to obtain JDBC Connection; nested exception is java.sql.SQLSyntaxErrorException: Unknown database 'story1'
2019-05-25 14:54:58.474 - INFO  [nio-3743-exec-1] c.c.a.c.BaseController         : url=/admin/getAll
2019-05-25 14:54:58.475 - INFO  [nio-3743-exec-1] c.c.a.c.BaseController         : method=GET
2019-05-25 14:54:58.476 - INFO  [nio-3743-exec-1] c.c.a.c.BaseController         : ip=0:0:0:0:0:0:0:1
2019-05-25 14:54:58.477 - INFO  [nio-3743-exec-1] c.c.a.c.BaseController         : class_method=cn.coolhao.app.controller.admin.AdminController.getInfo
2019-05-25 14:54:58.477 - INFO  [nio-3743-exec-1] c.c.a.c.BaseController         : args={}
2019-05-25 14:54:58.478 - INFO  [nio-3743-exec-1] c.c.a.c.BaseController         : 自定义注解值=yyyy-MM-dd
2019-05-25 14:54:58.487 - INFO  [nio-3743-exec-1] c.c.a.c.a.AdminController      : 进来getAll
2019-05-25 14:54:59.513 - INFO  [nio-3743-exec-1] c.c.a.h.ExceptionHandle        : mybatis异常=org.mybatis.spring.MyBatisSystemException: nested exception is org.apache.ibatis.exceptions.PersistenceException: 
### Error querying database.  Cause: org.springframework.jdbc.CannotGetJdbcConnectionException: Failed to obtain JDBC Connection; nested exception is java.sql.SQLSyntaxErrorException: Unknown database 'story1'
### The error may exist in file [F:\Java项目\Libra\target\classes\mapper\AdminMapper.xml]
### The error may involve cn.coolhao.app.dao.AdminDao.getAll
### The error occurred while executing a query
### Cause: org.springframework.jdbc.CannotGetJdbcConnectionException: Failed to obtain JDBC Connection; nested exception is java.sql.SQLSyntaxErrorException: Unknown database 'story1'
2019-05-25 14:54:59.516 - INFO  [nio-3743-exec-1] c.c.a.h.ExceptionHandle        : PersistenceException异常=Failed to obtain JDBC Connection; nested exception is java.sql.SQLSyntaxErrorException: Unknown database 'story1'
2019-05-25 14:55:21.516 - INFO  [nio-3743-exec-8] c.c.a.c.BaseController         : url=/admin/getAll
2019-05-25 14:55:21.517 - INFO  [nio-3743-exec-8] c.c.a.c.BaseController         : method=GET
2019-05-25 14:55:21.517 - INFO  [nio-3743-exec-8] c.c.a.c.BaseController         : ip=0:0:0:0:0:0:0:1
2019-05-25 14:55:21.517 - INFO  [nio-3743-exec-8] c.c.a.c.BaseController         : class_method=cn.coolhao.app.controller.admin.AdminController.getInfo
2019-05-25 14:55:21.518 - INFO  [nio-3743-exec-8] c.c.a.c.BaseController         : args={}
2019-05-25 14:55:21.518 - INFO  [nio-3743-exec-8] c.c.a.c.BaseController         : 自定义注解值=yyyy-MM-dd
2019-05-25 14:55:21.524 - INFO  [nio-3743-exec-8] c.c.a.c.a.AdminController      : 进来getAll
2019-05-25 14:55:22.578 - INFO  [nio-3743-exec-8] c.c.a.h.ExceptionHandle        : mybatis异常=org.mybatis.spring.MyBatisSystemException: nested exception is org.apache.ibatis.exceptions.PersistenceException: 
### Error querying database.  Cause: org.springframework.jdbc.CannotGetJdbcConnectionException: Failed to obtain JDBC Connection; nested exception is java.sql.SQLSyntaxErrorException: Unknown database 'story1'
### The error may exist in file [F:\Java项目\Libra\target\classes\mapper\AdminMapper.xml]
### The error may involve cn.coolhao.app.dao.AdminDao.getAll
### The error occurred while executing a query
### Cause: org.springframework.jdbc.CannotGetJdbcConnectionException: Failed to obtain JDBC Connection; nested exception is java.sql.SQLSyntaxErrorException: Unknown database 'story1'
2019-05-25 14:55:22.580 - INFO  [nio-3743-exec-8] c.c.a.h.ExceptionHandle        : PersistenceException异常=Failed to obtain JDBC Connection; nested exception is java.sql.SQLSyntaxErrorException: Unknown database 'story1'
2019-05-25 14:57:14.583 - INFO  [nio-3743-exec-1] c.c.a.c.BaseController         : url=/admin/getAll
2019-05-25 14:57:14.584 - INFO  [nio-3743-exec-1] c.c.a.c.BaseController         : method=GET
2019-05-25 14:57:14.584 - INFO  [nio-3743-exec-1] c.c.a.c.BaseController         : ip=0:0:0:0:0:0:0:1
2019-05-25 14:57:14.585 - INFO  [nio-3743-exec-1] c.c.a.c.BaseController         : class_method=cn.coolhao.app.controller.admin.AdminController.getInfo
2019-05-25 14:57:14.585 - INFO  [nio-3743-exec-1] c.c.a.c.BaseController         : args={}
2019-05-25 14:57:14.586 - INFO  [nio-3743-exec-1] c.c.a.c.BaseController         : 自定义注解值=yyyy-MM-dd
2019-05-25 14:57:14.590 - INFO  [nio-3743-exec-1] c.c.a.c.a.AdminController      : 进来getAll
2019-05-25 14:57:15.601 - INFO  [nio-3743-exec-1] c.c.a.h.ExceptionHandle        : mybatis异常=org.mybatis.spring.MyBatisSystemException: nested exception is org.apache.ibatis.exceptions.PersistenceException: 
### Error querying database.  Cause: org.springframework.jdbc.CannotGetJdbcConnectionException: Failed to obtain JDBC Connection; nested exception is java.sql.SQLSyntaxErrorException: Unknown database 'story1'
### The error may exist in file [F:\Java项目\Libra\target\classes\mapper\AdminMapper.xml]
### The error may involve cn.coolhao.app.dao.AdminDao.getAll
### The error occurred while executing a query
### Cause: org.springframework.jdbc.CannotGetJdbcConnectionException: Failed to obtain JDBC Connection; nested exception is java.sql.SQLSyntaxErrorException: Unknown database 'story1'
2019-05-25 14:57:15.602 - INFO  [nio-3743-exec-1] c.c.a.h.ExceptionHandle        : PersistenceException异常=org.springframework.jdbc.CannotGetJdbcConnectionException: Failed to obtain JDBC Connection; nested exception is java.sql.SQLSyntaxErrorException: Unknown database 'story1'
2019-05-25 15:02:25.490 - INFO  [nio-3743-exec-1] c.c.a.c.BaseController         : url=/admin/getAll
2019-05-25 15:02:25.492 - INFO  [nio-3743-exec-1] c.c.a.c.BaseController         : method=GET
2019-05-25 15:02:25.493 - INFO  [nio-3743-exec-1] c.c.a.c.BaseController         : ip=0:0:0:0:0:0:0:1
2019-05-25 15:02:25.496 - INFO  [nio-3743-exec-1] c.c.a.c.BaseController         : class_method=cn.coolhao.app.controller.admin.AdminController.getInfo
2019-05-25 15:02:25.498 - INFO  [nio-3743-exec-1] c.c.a.c.BaseController         : args={}
2019-05-25 15:02:25.510 - INFO  [nio-3743-exec-1] c.c.a.c.BaseController         : 自定义注解值=yyyy-MM-dd
2019-05-25 15:02:25.519 - INFO  [nio-3743-exec-1] c.c.a.c.a.AdminController      : 进来getAll
2019-05-25 15:02:27.389 - INFO  [nio-3743-exec-1] c.c.a.h.ExceptionHandle        : mybatis异常=org.mybatis.spring.MyBatisSystemException: nested exception is org.apache.ibatis.exceptions.PersistenceException: 
### Error querying database.  Cause: org.springframework.jdbc.CannotGetJdbcConnectionException: Failed to obtain JDBC Connection; nested exception is java.sql.SQLSyntaxErrorException: Unknown database 'story1'
### The error may exist in file [F:\Java项目\Libra\target\classes\mapper\AdminMapper.xml]
### The error may involve cn.coolhao.app.dao.AdminDao.getAll
### The error occurred while executing a query
### Cause: org.springframework.jdbc.CannotGetJdbcConnectionException: Failed to obtain JDBC Connection; nested exception is java.sql.SQLSyntaxErrorException: Unknown database 'story1'
2019-05-25 15:02:27.392 - INFO  [nio-3743-exec-1] c.c.a.h.ExceptionHandle        : PersistenceException异常=org.springframework.jdbc.CannotGetJdbcConnectionException: Failed to obtain JDBC Connection; nested exception is java.sql.SQLSyntaxErrorException: Unknown database 'story1'
