2019-06-11 16:26:23.155 - INFO  [nio-3743-exec-1] c.c.a.c.BaseController         : url=/admin/getAdmin
2019-06-11 16:26:23.156 - INFO  [nio-3743-exec-1] c.c.a.c.BaseController         : method=POST
2019-06-11 16:26:23.157 - INFO  [nio-3743-exec-1] c.c.a.c.BaseController         : ip=0:0:0:0:0:0:0:1
2019-06-11 16:26:23.178 - INFO  [nio-3743-exec-1] c.c.a.c.BaseController         : class_method=cn.coolhao.app.controller.admin.AdminController.getAdmin
2019-06-11 16:26:23.179 - INFO  [nio-3743-exec-1] c.c.a.c.BaseController         : args=7
2019-06-11 16:26:23.475 - INFO  [nio-3743-exec-1] c.c.a.c.BaseController         : admin=Admin{id=1, adminName='admin', phone='13537430256', pwd='2b1a962c5fe9b3f2c4f8edfac04b2b7b', salt='SHONGE==', opwd='', osalt='null', token='mYLY2XmA', isSuper=0, addTime=Mon Jan 19 08:42:12 CST 1970}
2019-06-11 16:27:06.340 - INFO  [nio-3743-exec-2] c.c.a.c.BaseController         : url=/admin/getAdmin
2019-06-11 16:27:06.342 - INFO  [nio-3743-exec-2] c.c.a.c.BaseController         : method=POST
2019-06-11 16:27:06.345 - INFO  [nio-3743-exec-2] c.c.a.c.BaseController         : ip=0:0:0:0:0:0:0:1
2019-06-11 16:27:06.348 - INFO  [nio-3743-exec-2] c.c.a.c.BaseController         : class_method=cn.coolhao.app.controller.admin.AdminController.getAdmin
2019-06-11 16:27:06.348 - INFO  [nio-3743-exec-2] c.c.a.c.BaseController         : args=7
2019-06-11 16:27:06.351 - INFO  [nio-3743-exec-2] c.c.a.c.BaseController         : admin=Admin{id=1, adminName='admin', phone='13537430256', pwd='2b1a962c5fe9b3f2c4f8edfac04b2b7b', salt='SHONGE==', opwd='', osalt='null', token='mYLY2XmA', isSuper=0, addTime=Mon Jan 19 08:42:12 CST 1970}
2019-06-11 16:29:32.630 - INFO  [nio-3743-exec-7] c.c.a.c.BaseController         : url=/admin/getRedisAdmin
2019-06-11 16:29:32.631 - INFO  [nio-3743-exec-7] c.c.a.c.BaseController         : method=POST
2019-06-11 16:29:32.641 - INFO  [nio-3743-exec-7] c.c.a.c.BaseController         : ip=0:0:0:0:0:0:0:1
2019-06-11 16:29:32.641 - INFO  [nio-3743-exec-7] c.c.a.c.BaseController         : class_method=cn.coolhao.app.controller.admin.AdminController.getAdminInfo
2019-06-11 16:29:32.643 - INFO  [nio-3743-exec-7] c.c.a.c.BaseController         : args=tanhao
2019-06-11 16:29:32.643 - INFO  [nio-3743-exec-7] c.c.a.c.BaseController         : admin=null
2019-06-11 16:34:16.100 - INFO  [nio-3743-exec-2] c.c.a.c.BaseController         : url=/admin/getRedisAdmin
2019-06-11 16:34:16.101 - INFO  [nio-3743-exec-2] c.c.a.c.BaseController         : method=POST
2019-06-11 16:34:16.102 - INFO  [nio-3743-exec-2] c.c.a.c.BaseController         : ip=0:0:0:0:0:0:0:1
2019-06-11 16:34:16.102 - INFO  [nio-3743-exec-2] c.c.a.c.BaseController         : class_method=cn.coolhao.app.controller.admin.AdminController.getAdminInfo
2019-06-11 16:34:16.103 - INFO  [nio-3743-exec-2] c.c.a.c.BaseController         : args=admin
2019-06-11 16:34:16.103 - INFO  [nio-3743-exec-2] c.c.a.c.BaseController         : admin=null
2019-06-11 16:38:12.388 - INFO  [nio-3743-exec-2] c.c.a.c.BaseController         : url=/admin/getRedisAdmin
2019-06-11 16:38:12.388 - INFO  [nio-3743-exec-2] c.c.a.c.BaseController         : method=POST
2019-06-11 16:38:12.389 - INFO  [nio-3743-exec-2] c.c.a.c.BaseController         : ip=0:0:0:0:0:0:0:1
2019-06-11 16:38:12.392 - INFO  [nio-3743-exec-2] c.c.a.c.BaseController         : class_method=cn.coolhao.app.controller.admin.AdminController.getAdminInfo
2019-06-11 16:38:12.393 - INFO  [nio-3743-exec-2] c.c.a.c.BaseController         : args=admin
2019-06-11 16:38:12.649 - INFO  [nio-3743-exec-2] c.c.a.c.BaseController         : admin=null
2019-06-11 16:44:36.418 - INFO  [nio-3743-exec-6] c.c.a.c.BaseController         : url=/admin/getRedisAdmin
2019-06-11 16:44:36.418 - INFO  [nio-3743-exec-6] c.c.a.c.BaseController         : method=POST
2019-06-11 16:44:36.419 - INFO  [nio-3743-exec-6] c.c.a.c.BaseController         : ip=0:0:0:0:0:0:0:1
2019-06-11 16:44:36.419 - INFO  [nio-3743-exec-6] c.c.a.c.BaseController         : class_method=cn.coolhao.app.controller.admin.AdminController.getAdminInfo
2019-06-11 16:44:36.430 - INFO  [nio-3743-exec-6] c.c.a.c.BaseController         : args=admin
2019-06-11 16:44:36.431 - INFO  [nio-3743-exec-6] c.c.a.c.BaseController         : admin=null
2019-06-11 16:45:05.007 - INFO  [nio-3743-exec-2] c.c.a.c.BaseController         : url=/admin/getRedisAdmin
2019-06-11 16:45:05.009 - INFO  [nio-3743-exec-2] c.c.a.c.BaseController         : method=POST
2019-06-11 16:45:05.011 - INFO  [nio-3743-exec-2] c.c.a.c.BaseController         : ip=0:0:0:0:0:0:0:1
2019-06-11 16:45:05.012 - INFO  [nio-3743-exec-2] c.c.a.c.BaseController         : class_method=cn.coolhao.app.controller.admin.AdminController.getAdminInfo
2019-06-11 16:45:05.012 - INFO  [nio-3743-exec-2] c.c.a.c.BaseController         : args=admin
2019-06-11 16:45:05.028 - INFO  [nio-3743-exec-2] c.c.a.c.a.AdminController      : ½øÀ´controller
2019-06-11 16:45:29.642 - INFO  [nio-3743-exec-9] c.c.a.c.BaseController         : url=/admin/getRedisAdmin
2019-06-11 16:45:29.643 - INFO  [nio-3743-exec-9] c.c.a.c.BaseController         : method=POST
2019-06-11 16:45:29.644 - INFO  [nio-3743-exec-9] c.c.a.c.BaseController         : ip=0:0:0:0:0:0:0:1
2019-06-11 16:45:29.644 - INFO  [nio-3743-exec-9] c.c.a.c.BaseController         : class_method=cn.coolhao.app.controller.admin.AdminController.getAdminInfo
2019-06-11 16:45:29.644 - INFO  [nio-3743-exec-9] c.c.a.c.BaseController         : args=admin
2019-06-11 16:46:10.620 - INFO  [nio-3743-exec-2] c.c.a.c.BaseController         : url=/admin/getRedisAdmin
2019-06-11 16:46:10.621 - INFO  [nio-3743-exec-2] c.c.a.c.BaseController         : method=POST
2019-06-11 16:46:10.621 - INFO  [nio-3743-exec-2] c.c.a.c.BaseController         : ip=0:0:0:0:0:0:0:1
2019-06-11 16:46:10.622 - INFO  [nio-3743-exec-2] c.c.a.c.BaseController         : class_method=cn.coolhao.app.controller.admin.AdminController.getAdminInfo
2019-06-11 16:46:10.622 - INFO  [nio-3743-exec-2] c.c.a.c.BaseController         : args=admin
2019-06-11 16:48:17.473 - INFO  [nio-3743-exec-9] c.c.a.c.BaseController         : url=/admin/getRedisAdmin
2019-06-11 16:48:17.473 - INFO  [nio-3743-exec-9] c.c.a.c.BaseController         : method=POST
2019-06-11 16:48:17.473 - INFO  [nio-3743-exec-9] c.c.a.c.BaseController         : ip=0:0:0:0:0:0:0:1
2019-06-11 16:48:17.474 - INFO  [nio-3743-exec-9] c.c.a.c.BaseController         : class_method=cn.coolhao.app.controller.admin.AdminController.getAdminInfo
2019-06-11 16:48:17.474 - INFO  [nio-3743-exec-9] c.c.a.c.BaseController         : args=admin
2019-06-11 16:48:17.503 - INFO  [nio-3743-exec-9] c.c.a.c.BaseController         : returning=JsonResult{code=200, msg='OK', data=Admin{id=1, adminName='admin', phone='13537430256', pwd='2b1a962c5fe9b3f2c4f8edfac04b2b7b', salt='SHONGE==', opwd='', osalt='null', token='mYLY2XmA', isSuper=0, addTime=1557732253}}
