2019-06-11 16:24:33.848 - INFO  [  restartedMain] o.s.b.StartupInfoLogger        : Starting AppApplication on DESKTOP-QC7GDRK with PID 4912 (started by coolhao in F:\Java项目\Libra)
2019-06-11 16:24:33.856 - INFO  [  restartedMain] o.s.b.SpringApplication        : No active profile set, falling back to default profiles: default
2019-06-11 16:24:33.991 - INFO  [  restartedMain] o.s.b.l.DeferredLog            : Devtools property defaults active! Set 'spring.devtools.add-properties' to 'false' to disable
2019-06-11 16:24:33.991 - INFO  [  restartedMain] o.s.b.l.DeferredLog            : For additional web related logging consider setting the 'logging.level.web' property to 'DEBUG'
2019-06-11 16:24:36.277 - INFO  [  restartedMain] epositoryConfigurationDelegate : Multiple Spring Data modules found, entering strict repository configuration mode!
2019-06-11 16:24:36.287 - INFO  [  restartedMain] epositoryConfigurationDelegate : Bootstrapping Spring Data repositories in DEFAULT mode.
2019-06-11 16:24:36.385 - INFO  [  restartedMain] epositoryConfigurationDelegate : Finished Spring Data repository scanning in 37ms. Found 0 repository interfaces.
2019-06-11 16:24:37.220 - INFO  [  restartedMain] egate$BeanPostProcessorChecker : Bean 'org.springframework.transaction.annotation.ProxyTransactionManagementConfiguration' of type [org.springframework.transaction.annotation.ProxyTransactionManagementConfiguration$$EnhancerBySpringCGLIB$$c3cb2dce] is not eligible for getting processed by all BeanPostProcessors (for example: not eligible for auto-proxying)
2019-06-11 16:24:38.713 - INFO  [  restartedMain] o.s.b.w.e.t.TomcatWebServer    : Tomcat initialized with port(s): 3743 (http)
2019-06-11 16:24:38.748 - INFO  [  restartedMain] o.a.j.l.DirectJDKLog           : Initializing ProtocolHandler ["http-nio-3743"]
2019-06-11 16:24:38.771 - INFO  [  restartedMain] o.a.j.l.DirectJDKLog           : Starting service [Tomcat]
2019-06-11 16:24:38.773 - INFO  [  restartedMain] o.a.j.l.DirectJDKLog           : Starting Servlet engine: [Apache Tomcat/9.0.19]
2019-06-11 16:24:38.991 - INFO  [  restartedMain] o.a.j.l.DirectJDKLog           : Initializing Spring embedded WebApplicationContext
2019-06-11 16:24:38.992 - INFO  [  restartedMain] letWebServerApplicationContext : Root WebApplicationContext: initialization completed in 5000 ms
2019-06-11 16:24:43.523 - INFO  [  restartedMain] c.ExecutorConfigurationSupport : Initializing ExecutorService 'applicationTaskExecutor'
2019-06-11 16:24:47.745 - INFO  [  restartedMain] b.d.a.OptionalLiveReloadServer : LiveReload server is running on port 35729
2019-06-11 16:24:48.357 - INFO  [  restartedMain] o.a.j.l.DirectJDKLog           : Starting ProtocolHandler ["http-nio-3743"]
2019-06-11 16:24:48.387 - INFO  [  restartedMain] o.s.b.w.e.t.TomcatWebServer    : Tomcat started on port(s): 3743 (http) with context path ''
2019-06-11 16:24:48.393 - INFO  [  restartedMain] o.s.b.StartupInfoLogger        : Started AppApplication in 16.721 seconds (JVM running for 23.148)
2019-06-11 16:26:23.057 - INFO  [nio-3743-exec-1] o.a.j.l.DirectJDKLog           : Initializing Spring DispatcherServlet 'dispatcherServlet'
2019-06-11 16:26:23.057 - INFO  [nio-3743-exec-1] o.s.w.s.FrameworkServlet       : Initializing Servlet 'dispatcherServlet'
2019-06-11 16:26:23.085 - INFO  [nio-3743-exec-1] o.s.w.s.FrameworkServlet       : Completed initialization in 27 ms
2019-06-11 16:26:23.542 - INFO  [nio-3743-exec-1] c.z.h.HikariDataSource         : HikariPool-1 - Starting...
2019-06-11 16:26:24.063 - INFO  [nio-3743-exec-1] c.z.h.HikariDataSource         : HikariPool-1 - Start completed.
2019-06-11 16:26:24.890 - WARN  [nio-3743-exec-1] stractHandlerExceptionResolver : Resolved [org.springframework.dao.TransientDataAccessResourceException: Error attempting to get column 'addTime' from result set.  Cause: java.sql.SQLException: Zero date value prohibited
; Zero date value prohibited; nested exception is java.sql.SQLException: Zero date value prohibited]
2019-06-11 16:27:06.361 - WARN  [nio-3743-exec-2] stractHandlerExceptionResolver : Resolved [org.springframework.dao.TransientDataAccessResourceException: Error attempting to get column 'addTime' from result set.  Cause: java.sql.SQLException: Zero date value prohibited
; Zero date value prohibited; nested exception is java.sql.SQLException: Zero date value prohibited]
2019-06-11 16:29:33.000 - INFO  [nio-3743-exec-7] i.l.c.EpollProvider            : Starting without optional epoll library
2019-06-11 16:29:33.017 - INFO  [nio-3743-exec-7] i.l.c.KqueueProvider           : Starting without optional kqueue library
2019-06-11 16:29:33.786 - WARN  [nio-3743-exec-7] stractHandlerExceptionResolver : Resolved [org.springframework.data.redis.serializer.SerializationException: Could not read JSON: Unexpected token (VALUE_STRING), expected START_ARRAY: need JSON Array to contain As.WRAPPER_ARRAY type information for class java.util.Date
 at [Source: (byte[])"["cn.coolhao.app.pojo.Admin",{"id":null,"adminName":"tanhao","phone":"13537430256","pwd":"123456","salt":null,"opwd":"123456","osalt":null,"token":null,"isSuper":0,"addTime":"2019-06-04 10:24:35"}]"; line: 1, column: 175] (through reference chain: cn.coolhao.app.pojo.Admin["addTime"]); nested exception is com.fasterxml.jackson.databind.exc.MismatchedInputException: Unexpected token (VALUE_STRING), expected START_ARRAY: need JSON Array to contain As.WRAPPER_ARRAY type information for class java.util.Date
 at [Source: (byte[])"["cn.coolhao.app.pojo.Admin",{"id":null,"adminName":"tanhao","phone":"13537430256","pwd":"123456","salt":null,"opwd":"123456","osalt":null,"token":null,"isSuper":0,"addTime":"2019-06-04 10:24:35"}]"; line: 1, column: 175] (through reference chain: cn.coolhao.app.pojo.Admin["addTime"])]
2019-06-11 16:30:35.388 - WARN  [nio-3743-exec-9] stractHandlerExceptionResolver : Resolved [org.springframework.web.HttpRequestMethodNotSupportedException: Request method 'POST' not supported]
2019-06-11 16:33:41.916 - WARN  [nio-3743-exec-1] stractHandlerExceptionResolver : Resolved [org.springframework.web.HttpRequestMethodNotSupportedException: Request method 'POST' not supported]
2019-06-11 16:34:16.153 - WARN  [nio-3743-exec-2] stractHandlerExceptionResolver : Resolved [org.springframework.data.redis.serializer.SerializationException: Could not read JSON: Unexpected token (VALUE_NUMBER_INT), expected START_ARRAY: need JSON Array to contain As.WRAPPER_ARRAY type information for class java.util.Date
 at [Source: (byte[])"["cn.coolhao.app.pojo.Admin",{"id":1,"adminName":"admin","phone":"13537430256","pwd":"2b1a962c5fe9b3f2c4f8edfac04b2b7b","salt":"SHONGE==","opwd":"","osalt":null,"token":"mYLY2XmA","isSuper":0,"addTime":1557732253}]"; line: 1, column: 203] (through reference chain: cn.coolhao.app.pojo.Admin["addTime"]); nested exception is com.fasterxml.jackson.databind.exc.MismatchedInputException: Unexpected token (VALUE_NUMBER_INT), expected START_ARRAY: need JSON Array to contain As.WRAPPER_ARRAY type information for class java.util.Date
 at [Source: (byte[])"["cn.coolhao.app.pojo.Admin",{"id":1,"adminName":"admin","phone":"13537430256","pwd":"2b1a962c5fe9b3f2c4f8edfac04b2b7b","salt":"SHONGE==","opwd":"","osalt":null,"token":"mYLY2XmA","isSuper":0,"addTime":1557732253}]"; line: 1, column: 203] (through reference chain: cn.coolhao.app.pojo.Admin["addTime"])]
2019-06-11 16:37:36.584 - INFO  [  restartedMain] o.s.b.StartupInfoLogger        : Starting AppApplication on DESKTOP-QC7GDRK with PID 8412 (started by coolhao in F:\Java项目\Libra)
2019-06-11 16:37:36.600 - INFO  [  restartedMain] o.s.b.SpringApplication        : No active profile set, falling back to default profiles: default
2019-06-11 16:37:36.731 - INFO  [  restartedMain] o.s.b.l.DeferredLog            : Devtools property defaults active! Set 'spring.devtools.add-properties' to 'false' to disable
2019-06-11 16:37:36.732 - INFO  [  restartedMain] o.s.b.l.DeferredLog            : For additional web related logging consider setting the 'logging.level.web' property to 'DEBUG'
2019-06-11 16:37:38.813 - INFO  [  restartedMain] epositoryConfigurationDelegate : Multiple Spring Data modules found, entering strict repository configuration mode!
2019-06-11 16:37:38.818 - INFO  [  restartedMain] epositoryConfigurationDelegate : Bootstrapping Spring Data repositories in DEFAULT mode.
2019-06-11 16:37:38.863 - INFO  [  restartedMain] epositoryConfigurationDelegate : Finished Spring Data repository scanning in 23ms. Found 0 repository interfaces.
2019-06-11 16:37:39.536 - INFO  [  restartedMain] egate$BeanPostProcessorChecker : Bean 'org.springframework.transaction.annotation.ProxyTransactionManagementConfiguration' of type [org.springframework.transaction.annotation.ProxyTransactionManagementConfiguration$$EnhancerBySpringCGLIB$$1eb73f1c] is not eligible for getting processed by all BeanPostProcessors (for example: not eligible for auto-proxying)
2019-06-11 16:37:40.905 - INFO  [  restartedMain] o.s.b.w.e.t.TomcatWebServer    : Tomcat initialized with port(s): 3743 (http)
2019-06-11 16:37:40.928 - INFO  [  restartedMain] o.a.j.l.DirectJDKLog           : Initializing ProtocolHandler ["http-nio-3743"]
2019-06-11 16:37:40.943 - INFO  [  restartedMain] o.a.j.l.DirectJDKLog           : Starting service [Tomcat]
2019-06-11 16:37:40.944 - INFO  [  restartedMain] o.a.j.l.DirectJDKLog           : Starting Servlet engine: [Apache Tomcat/9.0.19]
2019-06-11 16:37:41.146 - INFO  [  restartedMain] o.a.j.l.DirectJDKLog           : Initializing Spring embedded WebApplicationContext
2019-06-11 16:37:41.146 - INFO  [  restartedMain] letWebServerApplicationContext : Root WebApplicationContext: initialization completed in 4414 ms
2019-06-11 16:37:42.953 - INFO  [  restartedMain] c.ExecutorConfigurationSupport : Initializing ExecutorService 'applicationTaskExecutor'
2019-06-11 16:37:43.824 - INFO  [  restartedMain] b.d.a.OptionalLiveReloadServer : LiveReload server is running on port 35729
2019-06-11 16:37:43.870 - INFO  [  restartedMain] o.a.j.l.DirectJDKLog           : Starting ProtocolHandler ["http-nio-3743"]
2019-06-11 16:37:43.929 - INFO  [  restartedMain] o.s.b.w.e.t.TomcatWebServer    : Tomcat started on port(s): 3743 (http) with context path ''
2019-06-11 16:37:43.937 - INFO  [  restartedMain] o.s.b.StartupInfoLogger        : Started AppApplication in 8.896 seconds (JVM running for 11.347)
2019-06-11 16:38:07.053 - INFO  [       Thread-6] c.ExecutorConfigurationSupport : Shutting down ExecutorService 'applicationTaskExecutor'
2019-06-11 16:38:07.626 - INFO  [  restartedMain] o.s.b.StartupInfoLogger        : Starting AppApplication on DESKTOP-QC7GDRK with PID 8412 (started by coolhao in F:\Java项目\Libra)
2019-06-11 16:38:07.626 - INFO  [  restartedMain] o.s.b.SpringApplication        : No active profile set, falling back to default profiles: default
2019-06-11 16:38:08.105 - INFO  [  restartedMain] epositoryConfigurationDelegate : Multiple Spring Data modules found, entering strict repository configuration mode!
2019-06-11 16:38:08.106 - INFO  [  restartedMain] epositoryConfigurationDelegate : Bootstrapping Spring Data repositories in DEFAULT mode.
2019-06-11 16:38:08.116 - INFO  [  restartedMain] epositoryConfigurationDelegate : Finished Spring Data repository scanning in 10ms. Found 0 repository interfaces.
2019-06-11 16:38:08.212 - INFO  [  restartedMain] egate$BeanPostProcessorChecker : Bean 'org.springframework.transaction.annotation.ProxyTransactionManagementConfiguration' of type [org.springframework.transaction.annotation.ProxyTransactionManagementConfiguration$$EnhancerBySpringCGLIB$$1eb73f1c] is not eligible for getting processed by all BeanPostProcessors (for example: not eligible for auto-proxying)
2019-06-11 16:38:08.471 - INFO  [  restartedMain] o.s.b.w.e.t.TomcatWebServer    : Tomcat initialized with port(s): 3743 (http)
2019-06-11 16:38:08.472 - INFO  [  restartedMain] o.a.j.l.DirectJDKLog           : Initializing ProtocolHandler ["http-nio-3743"]
2019-06-11 16:38:08.473 - INFO  [  restartedMain] o.a.j.l.DirectJDKLog           : Starting service [Tomcat]
2019-06-11 16:38:08.474 - INFO  [  restartedMain] o.a.j.l.DirectJDKLog           : Starting Servlet engine: [Apache Tomcat/9.0.19]
2019-06-11 16:38:08.505 - INFO  [  restartedMain] o.a.j.l.DirectJDKLog           : Initializing Spring embedded WebApplicationContext
2019-06-11 16:38:08.505 - INFO  [  restartedMain] letWebServerApplicationContext : Root WebApplicationContext: initialization completed in 875 ms
2019-06-11 16:38:09.438 - INFO  [  restartedMain] c.ExecutorConfigurationSupport : Initializing ExecutorService 'applicationTaskExecutor'
2019-06-11 16:38:09.967 - INFO  [  restartedMain] b.d.a.OptionalLiveReloadServer : LiveReload server is running on port 35729
2019-06-11 16:38:10.006 - INFO  [  restartedMain] o.a.j.l.DirectJDKLog           : Starting ProtocolHandler ["http-nio-3743"]
2019-06-11 16:38:10.016 - INFO  [  restartedMain] o.s.b.w.e.t.TomcatWebServer    : Tomcat started on port(s): 3743 (http) with context path ''
2019-06-11 16:38:10.019 - INFO  [  restartedMain] o.s.b.StartupInfoLogger        : Started AppApplication in 2.491 seconds (JVM running for 37.43)
2019-06-11 16:38:10.025 - INFO  [  restartedMain] EvaluationDeltaLoggingListener : Condition evaluation unchanged
2019-06-11 16:38:12.321 - INFO  [nio-3743-exec-2] o.a.j.l.DirectJDKLog           : Initializing Spring DispatcherServlet 'dispatcherServlet'
2019-06-11 16:38:12.322 - INFO  [nio-3743-exec-2] o.s.w.s.FrameworkServlet       : Initializing Servlet 'dispatcherServlet'
2019-06-11 16:38:12.341 - INFO  [nio-3743-exec-2] o.s.w.s.FrameworkServlet       : Completed initialization in 19 ms
2019-06-11 16:38:12.788 - INFO  [nio-3743-exec-2] i.l.c.EpollProvider            : Starting without optional epoll library
2019-06-11 16:38:12.794 - INFO  [nio-3743-exec-2] i.l.c.KqueueProvider           : Starting without optional kqueue library
2019-06-11 16:38:13.346 - WARN  [nio-3743-exec-2] stractHandlerExceptionResolver : Resolved [org.springframework.data.redis.serializer.SerializationException: Could not read JSON: Unexpected token (VALUE_NUMBER_INT), expected START_ARRAY: need JSON Array to contain As.WRAPPER_ARRAY type information for class java.util.Date
 at [Source: (byte[])"["cn.coolhao.app.pojo.Admin",{"id":1,"adminName":"admin","phone":"13537430256","pwd":"2b1a962c5fe9b3f2c4f8edfac04b2b7b","salt":"SHONGE==","opwd":"","osalt":null,"token":"mYLY2XmA","isSuper":0,"addTime":1557732253}]"; line: 1, column: 203] (through reference chain: cn.coolhao.app.pojo.Admin["addTime"]); nested exception is com.fasterxml.jackson.databind.exc.MismatchedInputException: Unexpected token (VALUE_NUMBER_INT), expected START_ARRAY: need JSON Array to contain As.WRAPPER_ARRAY type information for class java.util.Date
 at [Source: (byte[])"["cn.coolhao.app.pojo.Admin",{"id":1,"adminName":"admin","phone":"13537430256","pwd":"2b1a962c5fe9b3f2c4f8edfac04b2b7b","salt":"SHONGE==","opwd":"","osalt":null,"token":"mYLY2XmA","isSuper":0,"addTime":1557732253}]"; line: 1, column: 203] (through reference chain: cn.coolhao.app.pojo.Admin["addTime"])]
2019-06-11 16:44:36.442 - WARN  [nio-3743-exec-6] stractHandlerExceptionResolver : Resolved [org.springframework.data.redis.serializer.SerializationException: Could not read JSON: Unexpected token (VALUE_NUMBER_INT), expected START_ARRAY: need JSON Array to contain As.WRAPPER_ARRAY type information for class java.util.Date
 at [Source: (byte[])"["cn.coolhao.app.pojo.Admin",{"id":1,"adminName":"admin","phone":"13537430256","pwd":"2b1a962c5fe9b3f2c4f8edfac04b2b7b","salt":"SHONGE==","opwd":"","osalt":null,"token":"mYLY2XmA","isSuper":0,"addTime":1557732253}]"; line: 1, column: 203] (through reference chain: cn.coolhao.app.pojo.Admin["addTime"]); nested exception is com.fasterxml.jackson.databind.exc.MismatchedInputException: Unexpected token (VALUE_NUMBER_INT), expected START_ARRAY: need JSON Array to contain As.WRAPPER_ARRAY type information for class java.util.Date
 at [Source: (byte[])"["cn.coolhao.app.pojo.Admin",{"id":1,"adminName":"admin","phone":"13537430256","pwd":"2b1a962c5fe9b3f2c4f8edfac04b2b7b","salt":"SHONGE==","opwd":"","osalt":null,"token":"mYLY2XmA","isSuper":0,"addTime":1557732253}]"; line: 1, column: 203] (through reference chain: cn.coolhao.app.pojo.Admin["addTime"])]
2019-06-11 16:44:52.129 - INFO  [      Thread-10] c.ExecutorConfigurationSupport : Shutting down ExecutorService 'applicationTaskExecutor'
2019-06-11 16:44:53.602 - INFO  [  restartedMain] o.s.b.StartupInfoLogger        : Starting AppApplication on DESKTOP-QC7GDRK with PID 8412 (started by coolhao in F:\Java项目\Libra)
2019-06-11 16:44:53.603 - INFO  [  restartedMain] o.s.b.SpringApplication        : No active profile set, falling back to default profiles: default
2019-06-11 16:44:53.954 - INFO  [  restartedMain] epositoryConfigurationDelegate : Multiple Spring Data modules found, entering strict repository configuration mode!
2019-06-11 16:44:53.955 - INFO  [  restartedMain] epositoryConfigurationDelegate : Bootstrapping Spring Data repositories in DEFAULT mode.
2019-06-11 16:44:53.961 - INFO  [  restartedMain] epositoryConfigurationDelegate : Finished Spring Data repository scanning in 6ms. Found 0 repository interfaces.
2019-06-11 16:44:54.036 - INFO  [  restartedMain] egate$BeanPostProcessorChecker : Bean 'org.springframework.transaction.annotation.ProxyTransactionManagementConfiguration' of type [org.springframework.transaction.annotation.ProxyTransactionManagementConfiguration$$EnhancerBySpringCGLIB$$1eb73f1c] is not eligible for getting processed by all BeanPostProcessors (for example: not eligible for auto-proxying)
2019-06-11 16:44:54.273 - INFO  [  restartedMain] o.s.b.w.e.t.TomcatWebServer    : Tomcat initialized with port(s): 3743 (http)
2019-06-11 16:44:54.275 - INFO  [  restartedMain] o.a.j.l.DirectJDKLog           : Initializing ProtocolHandler ["http-nio-3743"]
2019-06-11 16:44:54.278 - INFO  [  restartedMain] o.a.j.l.DirectJDKLog           : Starting service [Tomcat]
2019-06-11 16:44:54.278 - INFO  [  restartedMain] o.a.j.l.DirectJDKLog           : Starting Servlet engine: [Apache Tomcat/9.0.19]
2019-06-11 16:44:54.315 - INFO  [  restartedMain] o.a.j.l.DirectJDKLog           : Initializing Spring embedded WebApplicationContext
2019-06-11 16:44:54.315 - INFO  [  restartedMain] letWebServerApplicationContext : Root WebApplicationContext: initialization completed in 709 ms
2019-06-11 16:44:55.149 - INFO  [  restartedMain] c.ExecutorConfigurationSupport : Initializing ExecutorService 'applicationTaskExecutor'
2019-06-11 16:44:55.731 - INFO  [  restartedMain] b.d.a.OptionalLiveReloadServer : LiveReload server is running on port 35729
2019-06-11 16:44:55.761 - INFO  [  restartedMain] o.a.j.l.DirectJDKLog           : Starting ProtocolHandler ["http-nio-3743"]
2019-06-11 16:44:55.771 - INFO  [  restartedMain] o.s.b.w.e.t.TomcatWebServer    : Tomcat started on port(s): 3743 (http) with context path ''
2019-06-11 16:44:55.772 - INFO  [  restartedMain] o.s.b.StartupInfoLogger        : Started AppApplication in 2.219 seconds (JVM running for 443.184)
2019-06-11 16:44:55.778 - INFO  [  restartedMain] EvaluationDeltaLoggingListener : Condition evaluation unchanged
2019-06-11 16:44:58.240 - INFO  [      Thread-16] c.ExecutorConfigurationSupport : Shutting down ExecutorService 'applicationTaskExecutor'
2019-06-11 16:44:58.629 - INFO  [  restartedMain] o.s.b.StartupInfoLogger        : Starting AppApplication on DESKTOP-QC7GDRK with PID 8412 (started by coolhao in F:\Java项目\Libra)
2019-06-11 16:44:58.630 - INFO  [  restartedMain] o.s.b.SpringApplication        : No active profile set, falling back to default profiles: default
2019-06-11 16:44:59.008 - INFO  [  restartedMain] epositoryConfigurationDelegate : Multiple Spring Data modules found, entering strict repository configuration mode!
2019-06-11 16:44:59.012 - INFO  [  restartedMain] epositoryConfigurationDelegate : Bootstrapping Spring Data repositories in DEFAULT mode.
2019-06-11 16:44:59.022 - INFO  [  restartedMain] epositoryConfigurationDelegate : Finished Spring Data repository scanning in 8ms. Found 0 repository interfaces.
2019-06-11 16:44:59.130 - INFO  [  restartedMain] egate$BeanPostProcessorChecker : Bean 'org.springframework.transaction.annotation.ProxyTransactionManagementConfiguration' of type [org.springframework.transaction.annotation.ProxyTransactionManagementConfiguration$$EnhancerBySpringCGLIB$$1eb73f1c] is not eligible for getting processed by all BeanPostProcessors (for example: not eligible for auto-proxying)
2019-06-11 16:44:59.391 - INFO  [  restartedMain] o.s.b.w.e.t.TomcatWebServer    : Tomcat initialized with port(s): 3743 (http)
2019-06-11 16:44:59.393 - INFO  [  restartedMain] o.a.j.l.DirectJDKLog           : Initializing ProtocolHandler ["http-nio-3743"]
2019-06-11 16:44:59.394 - INFO  [  restartedMain] o.a.j.l.DirectJDKLog           : Starting service [Tomcat]
2019-06-11 16:44:59.395 - INFO  [  restartedMain] o.a.j.l.DirectJDKLog           : Starting Servlet engine: [Apache Tomcat/9.0.19]
2019-06-11 16:44:59.422 - INFO  [  restartedMain] o.a.j.l.DirectJDKLog           : Initializing Spring embedded WebApplicationContext
2019-06-11 16:44:59.423 - INFO  [  restartedMain] letWebServerApplicationContext : Root WebApplicationContext: initialization completed in 788 ms
2019-06-11 16:45:00.143 - INFO  [  restartedMain] c.ExecutorConfigurationSupport : Initializing ExecutorService 'applicationTaskExecutor'
2019-06-11 16:45:00.703 - INFO  [  restartedMain] b.d.a.OptionalLiveReloadServer : LiveReload server is running on port 35729
2019-06-11 16:45:00.738 - INFO  [  restartedMain] o.a.j.l.DirectJDKLog           : Starting ProtocolHandler ["http-nio-3743"]
2019-06-11 16:45:00.750 - INFO  [  restartedMain] o.s.b.w.e.t.TomcatWebServer    : Tomcat started on port(s): 3743 (http) with context path ''
2019-06-11 16:45:00.751 - INFO  [  restartedMain] o.s.b.StartupInfoLogger        : Started AppApplication in 2.222 seconds (JVM running for 448.163)
2019-06-11 16:45:00.755 - INFO  [  restartedMain] EvaluationDeltaLoggingListener : Condition evaluation unchanged
2019-06-11 16:45:04.988 - INFO  [nio-3743-exec-2] o.a.j.l.DirectJDKLog           : Initializing Spring DispatcherServlet 'dispatcherServlet'
2019-06-11 16:45:04.989 - INFO  [nio-3743-exec-2] o.s.w.s.FrameworkServlet       : Initializing Servlet 'dispatcherServlet'
2019-06-11 16:45:05.004 - INFO  [nio-3743-exec-2] o.s.w.s.FrameworkServlet       : Completed initialization in 15 ms
2019-06-11 16:45:05.097 - WARN  [nio-3743-exec-2] stractHandlerExceptionResolver : Resolved [org.springframework.data.redis.serializer.SerializationException: Could not read JSON: Unexpected token (VALUE_NUMBER_INT), expected START_ARRAY: need JSON Array to contain As.WRAPPER_ARRAY type information for class java.util.Date
 at [Source: (byte[])"["cn.coolhao.app.pojo.Admin",{"id":1,"adminName":"admin","phone":"13537430256","pwd":"2b1a962c5fe9b3f2c4f8edfac04b2b7b","salt":"SHONGE==","opwd":"","osalt":null,"token":"mYLY2XmA","isSuper":0,"addTime":1557732253}]"; line: 1, column: 203] (through reference chain: cn.coolhao.app.pojo.Admin["addTime"]); nested exception is com.fasterxml.jackson.databind.exc.MismatchedInputException: Unexpected token (VALUE_NUMBER_INT), expected START_ARRAY: need JSON Array to contain As.WRAPPER_ARRAY type information for class java.util.Date
 at [Source: (byte[])"["cn.coolhao.app.pojo.Admin",{"id":1,"adminName":"admin","phone":"13537430256","pwd":"2b1a962c5fe9b3f2c4f8edfac04b2b7b","salt":"SHONGE==","opwd":"","osalt":null,"token":"mYLY2XmA","isSuper":0,"addTime":1557732253}]"; line: 1, column: 203] (through reference chain: cn.coolhao.app.pojo.Admin["addTime"])]
2019-06-11 16:45:17.768 - INFO  [      Thread-22] c.ExecutorConfigurationSupport : Shutting down ExecutorService 'applicationTaskExecutor'
2019-06-11 16:45:19.184 - INFO  [  restartedMain] o.s.b.StartupInfoLogger        : Starting AppApplication on DESKTOP-QC7GDRK with PID 8412 (started by coolhao in F:\Java项目\Libra)
2019-06-11 16:45:19.185 - INFO  [  restartedMain] o.s.b.SpringApplication        : No active profile set, falling back to default profiles: default
2019-06-11 16:45:19.471 - INFO  [  restartedMain] epositoryConfigurationDelegate : Multiple Spring Data modules found, entering strict repository configuration mode!
2019-06-11 16:45:19.471 - INFO  [  restartedMain] epositoryConfigurationDelegate : Bootstrapping Spring Data repositories in DEFAULT mode.
2019-06-11 16:45:19.479 - INFO  [  restartedMain] epositoryConfigurationDelegate : Finished Spring Data repository scanning in 8ms. Found 0 repository interfaces.
2019-06-11 16:45:19.539 - INFO  [  restartedMain] egate$BeanPostProcessorChecker : Bean 'org.springframework.transaction.annotation.ProxyTransactionManagementConfiguration' of type [org.springframework.transaction.annotation.ProxyTransactionManagementConfiguration$$EnhancerBySpringCGLIB$$1eb73f1c] is not eligible for getting processed by all BeanPostProcessors (for example: not eligible for auto-proxying)
2019-06-11 16:45:19.755 - INFO  [  restartedMain] o.s.b.w.e.t.TomcatWebServer    : Tomcat initialized with port(s): 3743 (http)
2019-06-11 16:45:19.766 - INFO  [  restartedMain] o.a.j.l.DirectJDKLog           : Initializing ProtocolHandler ["http-nio-3743"]
2019-06-11 16:45:19.767 - INFO  [  restartedMain] o.a.j.l.DirectJDKLog           : Starting service [Tomcat]
2019-06-11 16:45:19.767 - INFO  [  restartedMain] o.a.j.l.DirectJDKLog           : Starting Servlet engine: [Apache Tomcat/9.0.19]
2019-06-11 16:45:19.812 - INFO  [  restartedMain] o.a.j.l.DirectJDKLog           : Initializing Spring embedded WebApplicationContext
2019-06-11 16:45:19.813 - INFO  [  restartedMain] letWebServerApplicationContext : Root WebApplicationContext: initialization completed in 625 ms
2019-06-11 16:45:21.005 - INFO  [  restartedMain] c.ExecutorConfigurationSupport : Initializing ExecutorService 'applicationTaskExecutor'
2019-06-11 16:45:21.754 - INFO  [  restartedMain] b.d.a.OptionalLiveReloadServer : LiveReload server is running on port 35729
2019-06-11 16:45:21.785 - INFO  [  restartedMain] o.a.j.l.DirectJDKLog           : Starting ProtocolHandler ["http-nio-3743"]
2019-06-11 16:45:21.794 - INFO  [  restartedMain] o.s.b.w.e.t.TomcatWebServer    : Tomcat started on port(s): 3743 (http) with context path ''
2019-06-11 16:45:21.794 - INFO  [  restartedMain] o.s.b.StartupInfoLogger        : Started AppApplication in 2.654 seconds (JVM running for 469.206)
2019-06-11 16:45:21.798 - INFO  [  restartedMain] EvaluationDeltaLoggingListener : Condition evaluation unchanged
2019-06-11 16:45:23.220 - INFO  [      Thread-28] c.ExecutorConfigurationSupport : Shutting down ExecutorService 'applicationTaskExecutor'
2019-06-11 16:45:23.840 - INFO  [  restartedMain] o.s.b.StartupInfoLogger        : Starting AppApplication on DESKTOP-QC7GDRK with PID 8412 (started by coolhao in F:\Java项目\Libra)
2019-06-11 16:45:23.841 - INFO  [  restartedMain] o.s.b.SpringApplication        : No active profile set, falling back to default profiles: default
2019-06-11 16:45:24.486 - INFO  [  restartedMain] epositoryConfigurationDelegate : Multiple Spring Data modules found, entering strict repository configuration mode!
2019-06-11 16:45:24.487 - INFO  [  restartedMain] epositoryConfigurationDelegate : Bootstrapping Spring Data repositories in DEFAULT mode.
2019-06-11 16:45:24.495 - INFO  [  restartedMain] epositoryConfigurationDelegate : Finished Spring Data repository scanning in 7ms. Found 0 repository interfaces.
2019-06-11 16:45:24.577 - INFO  [  restartedMain] egate$BeanPostProcessorChecker : Bean 'org.springframework.transaction.annotation.ProxyTransactionManagementConfiguration' of type [org.springframework.transaction.annotation.ProxyTransactionManagementConfiguration$$EnhancerBySpringCGLIB$$1eb73f1c] is not eligible for getting processed by all BeanPostProcessors (for example: not eligible for auto-proxying)
2019-06-11 16:45:24.877 - INFO  [  restartedMain] o.s.b.w.e.t.TomcatWebServer    : Tomcat initialized with port(s): 3743 (http)
2019-06-11 16:45:24.880 - INFO  [  restartedMain] o.a.j.l.DirectJDKLog           : Initializing ProtocolHandler ["http-nio-3743"]
2019-06-11 16:45:24.880 - INFO  [  restartedMain] o.a.j.l.DirectJDKLog           : Starting service [Tomcat]
2019-06-11 16:45:24.880 - INFO  [  restartedMain] o.a.j.l.DirectJDKLog           : Starting Servlet engine: [Apache Tomcat/9.0.19]
2019-06-11 16:45:24.914 - INFO  [  restartedMain] o.a.j.l.DirectJDKLog           : Initializing Spring embedded WebApplicationContext
2019-06-11 16:45:24.914 - INFO  [  restartedMain] letWebServerApplicationContext : Root WebApplicationContext: initialization completed in 1066 ms
2019-06-11 16:45:25.704 - INFO  [  restartedMain] c.ExecutorConfigurationSupport : Initializing ExecutorService 'applicationTaskExecutor'
2019-06-11 16:45:26.341 - INFO  [  restartedMain] b.d.a.OptionalLiveReloadServer : LiveReload server is running on port 35729
2019-06-11 16:45:26.380 - INFO  [  restartedMain] o.a.j.l.DirectJDKLog           : Starting ProtocolHandler ["http-nio-3743"]
2019-06-11 16:45:26.396 - INFO  [  restartedMain] o.s.b.w.e.t.TomcatWebServer    : Tomcat started on port(s): 3743 (http) with context path ''
2019-06-11 16:45:26.398 - INFO  [  restartedMain] o.s.b.StartupInfoLogger        : Started AppApplication in 2.648 seconds (JVM running for 473.81)
2019-06-11 16:45:26.404 - INFO  [  restartedMain] EvaluationDeltaLoggingListener : Condition evaluation unchanged
2019-06-11 16:45:29.622 - INFO  [nio-3743-exec-9] o.a.j.l.DirectJDKLog           : Initializing Spring DispatcherServlet 'dispatcherServlet'
2019-06-11 16:45:29.622 - INFO  [nio-3743-exec-9] o.s.w.s.FrameworkServlet       : Initializing Servlet 'dispatcherServlet'
2019-06-11 16:45:29.637 - INFO  [nio-3743-exec-9] o.s.w.s.FrameworkServlet       : Completed initialization in 14 ms
2019-06-11 16:45:29.693 - WARN  [nio-3743-exec-9] stractHandlerExceptionResolver : Resolved [org.springframework.data.redis.serializer.SerializationException: Could not read JSON: Unexpected token (VALUE_NUMBER_INT), expected START_ARRAY: need JSON Array to contain As.WRAPPER_ARRAY type information for class java.util.Date
 at [Source: (byte[])"["cn.coolhao.app.pojo.Admin",{"id":1,"adminName":"admin","phone":"13537430256","pwd":"2b1a962c5fe9b3f2c4f8edfac04b2b7b","salt":"SHONGE==","opwd":"","osalt":null,"token":"mYLY2XmA","isSuper":0,"addTime":1557732253}]"; line: 1, column: 203] (through reference chain: cn.coolhao.app.pojo.Admin["addTime"]); nested exception is com.fasterxml.jackson.databind.exc.MismatchedInputException: Unexpected token (VALUE_NUMBER_INT), expected START_ARRAY: need JSON Array to contain As.WRAPPER_ARRAY type information for class java.util.Date
 at [Source: (byte[])"["cn.coolhao.app.pojo.Admin",{"id":1,"adminName":"admin","phone":"13537430256","pwd":"2b1a962c5fe9b3f2c4f8edfac04b2b7b","salt":"SHONGE==","opwd":"","osalt":null,"token":"mYLY2XmA","isSuper":0,"addTime":1557732253}]"; line: 1, column: 203] (through reference chain: cn.coolhao.app.pojo.Admin["addTime"])]
2019-06-11 16:45:50.381 - INFO  [      Thread-34] c.ExecutorConfigurationSupport : Shutting down ExecutorService 'applicationTaskExecutor'
2019-06-11 16:45:52.028 - INFO  [  restartedMain] o.s.b.StartupInfoLogger        : Starting AppApplication on DESKTOP-QC7GDRK with PID 8412 (started by coolhao in F:\Java项目\Libra)
2019-06-11 16:45:52.029 - INFO  [  restartedMain] o.s.b.SpringApplication        : No active profile set, falling back to default profiles: default
2019-06-11 16:45:52.969 - INFO  [  restartedMain] epositoryConfigurationDelegate : Multiple Spring Data modules found, entering strict repository configuration mode!
2019-06-11 16:45:52.969 - INFO  [  restartedMain] epositoryConfigurationDelegate : Bootstrapping Spring Data repositories in DEFAULT mode.
2019-06-11 16:45:52.975 - INFO  [  restartedMain] epositoryConfigurationDelegate : Finished Spring Data repository scanning in 5ms. Found 0 repository interfaces.
2019-06-11 16:45:53.043 - INFO  [  restartedMain] egate$BeanPostProcessorChecker : Bean 'org.springframework.transaction.annotation.ProxyTransactionManagementConfiguration' of type [org.springframework.transaction.annotation.ProxyTransactionManagementConfiguration$$EnhancerBySpringCGLIB$$1eb73f1c] is not eligible for getting processed by all BeanPostProcessors (for example: not eligible for auto-proxying)
2019-06-11 16:45:53.263 - INFO  [  restartedMain] o.s.b.w.e.t.TomcatWebServer    : Tomcat initialized with port(s): 3743 (http)
2019-06-11 16:45:53.265 - INFO  [  restartedMain] o.a.j.l.DirectJDKLog           : Initializing ProtocolHandler ["http-nio-3743"]
2019-06-11 16:45:53.266 - INFO  [  restartedMain] o.a.j.l.DirectJDKLog           : Starting service [Tomcat]
2019-06-11 16:45:53.266 - INFO  [  restartedMain] o.a.j.l.DirectJDKLog           : Starting Servlet engine: [Apache Tomcat/9.0.19]
2019-06-11 16:45:53.294 - INFO  [  restartedMain] o.a.j.l.DirectJDKLog           : Initializing Spring embedded WebApplicationContext
2019-06-11 16:45:53.294 - INFO  [  restartedMain] letWebServerApplicationContext : Root WebApplicationContext: initialization completed in 1263 ms
2019-06-11 16:45:53.898 - INFO  [  restartedMain] c.ExecutorConfigurationSupport : Initializing ExecutorService 'applicationTaskExecutor'
2019-06-11 16:45:54.372 - INFO  [  restartedMain] b.d.a.OptionalLiveReloadServer : LiveReload server is running on port 35729
2019-06-11 16:45:54.402 - INFO  [  restartedMain] o.a.j.l.DirectJDKLog           : Starting ProtocolHandler ["http-nio-3743"]
2019-06-11 16:45:54.410 - INFO  [  restartedMain] o.s.b.w.e.t.TomcatWebServer    : Tomcat started on port(s): 3743 (http) with context path ''
2019-06-11 16:45:54.411 - INFO  [  restartedMain] o.s.b.StartupInfoLogger        : Started AppApplication in 2.43 seconds (JVM running for 501.822)
2019-06-11 16:45:54.414 - INFO  [  restartedMain] EvaluationDeltaLoggingListener : Condition evaluation unchanged
2019-06-11 16:46:02.020 - INFO  [      Thread-40] c.ExecutorConfigurationSupport : Shutting down ExecutorService 'applicationTaskExecutor'
2019-06-11 16:46:02.651 - INFO  [  restartedMain] o.s.b.StartupInfoLogger        : Starting AppApplication on DESKTOP-QC7GDRK with PID 8412 (started by coolhao in F:\Java项目\Libra)
2019-06-11 16:46:02.652 - INFO  [  restartedMain] o.s.b.SpringApplication        : No active profile set, falling back to default profiles: default
2019-06-11 16:46:03.281 - INFO  [  restartedMain] epositoryConfigurationDelegate : Multiple Spring Data modules found, entering strict repository configuration mode!
2019-06-11 16:46:03.282 - INFO  [  restartedMain] epositoryConfigurationDelegate : Bootstrapping Spring Data repositories in DEFAULT mode.
2019-06-11 16:46:03.291 - INFO  [  restartedMain] epositoryConfigurationDelegate : Finished Spring Data repository scanning in 8ms. Found 0 repository interfaces.
2019-06-11 16:46:03.404 - INFO  [  restartedMain] egate$BeanPostProcessorChecker : Bean 'org.springframework.transaction.annotation.ProxyTransactionManagementConfiguration' of type [org.springframework.transaction.annotation.ProxyTransactionManagementConfiguration$$EnhancerBySpringCGLIB$$1eb73f1c] is not eligible for getting processed by all BeanPostProcessors (for example: not eligible for auto-proxying)
2019-06-11 16:46:03.721 - INFO  [  restartedMain] o.s.b.w.e.t.TomcatWebServer    : Tomcat initialized with port(s): 3743 (http)
2019-06-11 16:46:03.723 - INFO  [  restartedMain] o.a.j.l.DirectJDKLog           : Initializing ProtocolHandler ["http-nio-3743"]
2019-06-11 16:46:03.724 - INFO  [  restartedMain] o.a.j.l.DirectJDKLog           : Starting service [Tomcat]
2019-06-11 16:46:03.726 - INFO  [  restartedMain] o.a.j.l.DirectJDKLog           : Starting Servlet engine: [Apache Tomcat/9.0.19]
2019-06-11 16:46:03.784 - INFO  [  restartedMain] o.a.j.l.DirectJDKLog           : Initializing Spring embedded WebApplicationContext
2019-06-11 16:46:03.784 - INFO  [  restartedMain] letWebServerApplicationContext : Root WebApplicationContext: initialization completed in 1129 ms
2019-06-11 16:46:04.680 - INFO  [  restartedMain] c.ExecutorConfigurationSupport : Initializing ExecutorService 'applicationTaskExecutor'
2019-06-11 16:46:05.214 - INFO  [  restartedMain] b.d.a.OptionalLiveReloadServer : LiveReload server is running on port 35729
2019-06-11 16:46:05.242 - INFO  [  restartedMain] o.a.j.l.DirectJDKLog           : Starting ProtocolHandler ["http-nio-3743"]
2019-06-11 16:46:05.249 - INFO  [  restartedMain] o.s.b.w.e.t.TomcatWebServer    : Tomcat started on port(s): 3743 (http) with context path ''
2019-06-11 16:46:05.251 - INFO  [  restartedMain] o.s.b.StartupInfoLogger        : Started AppApplication in 2.686 seconds (JVM running for 512.662)
2019-06-11 16:46:05.254 - INFO  [  restartedMain] EvaluationDeltaLoggingListener : Condition evaluation unchanged
2019-06-11 16:46:10.599 - INFO  [nio-3743-exec-2] o.a.j.l.DirectJDKLog           : Initializing Spring DispatcherServlet 'dispatcherServlet'
2019-06-11 16:46:10.600 - INFO  [nio-3743-exec-2] o.s.w.s.FrameworkServlet       : Initializing Servlet 'dispatcherServlet'
2019-06-11 16:46:10.615 - INFO  [nio-3743-exec-2] o.s.w.s.FrameworkServlet       : Completed initialization in 15 ms
2019-06-11 16:46:10.707 - WARN  [nio-3743-exec-2] stractHandlerExceptionResolver : Resolved [org.springframework.data.redis.serializer.SerializationException: Could not read JSON: Unexpected token (VALUE_NUMBER_INT), expected START_ARRAY: need JSON Array to contain As.WRAPPER_ARRAY type information for class java.util.Date
 at [Source: (byte[])"["cn.coolhao.app.pojo.Admin",{"id":1,"adminName":"admin","phone":"13537430256","pwd":"2b1a962c5fe9b3f2c4f8edfac04b2b7b","salt":"SHONGE==","opwd":"","osalt":null,"token":"mYLY2XmA","isSuper":0,"addTime":1557732253}]"; line: 1, column: 203] (through reference chain: cn.coolhao.app.pojo.Admin["addTime"]); nested exception is com.fasterxml.jackson.databind.exc.MismatchedInputException: Unexpected token (VALUE_NUMBER_INT), expected START_ARRAY: need JSON Array to contain As.WRAPPER_ARRAY type information for class java.util.Date
 at [Source: (byte[])"["cn.coolhao.app.pojo.Admin",{"id":1,"adminName":"admin","phone":"13537430256","pwd":"2b1a962c5fe9b3f2c4f8edfac04b2b7b","salt":"SHONGE==","opwd":"","osalt":null,"token":"mYLY2XmA","isSuper":0,"addTime":1557732253}]"; line: 1, column: 203] (through reference chain: cn.coolhao.app.pojo.Admin["addTime"])]
2019-06-11 16:47:48.362 - INFO  [      Thread-46] c.ExecutorConfigurationSupport : Shutting down ExecutorService 'applicationTaskExecutor'
2019-06-11 16:47:49.858 - INFO  [  restartedMain] o.s.b.StartupInfoLogger        : Starting AppApplication on DESKTOP-QC7GDRK with PID 8412 (started by coolhao in F:\Java项目\Libra)
2019-06-11 16:47:49.859 - INFO  [  restartedMain] o.s.b.SpringApplication        : No active profile set, falling back to default profiles: default
2019-06-11 16:47:50.141 - INFO  [  restartedMain] epositoryConfigurationDelegate : Multiple Spring Data modules found, entering strict repository configuration mode!
2019-06-11 16:47:50.142 - INFO  [  restartedMain] epositoryConfigurationDelegate : Bootstrapping Spring Data repositories in DEFAULT mode.
2019-06-11 16:47:50.147 - INFO  [  restartedMain] epositoryConfigurationDelegate : Finished Spring Data repository scanning in 5ms. Found 0 repository interfaces.
2019-06-11 16:47:50.205 - INFO  [  restartedMain] egate$BeanPostProcessorChecker : Bean 'org.springframework.transaction.annotation.ProxyTransactionManagementConfiguration' of type [org.springframework.transaction.annotation.ProxyTransactionManagementConfiguration$$EnhancerBySpringCGLIB$$1eb73f1c] is not eligible for getting processed by all BeanPostProcessors (for example: not eligible for auto-proxying)
2019-06-11 16:47:50.630 - INFO  [  restartedMain] o.s.b.w.e.t.TomcatWebServer    : Tomcat initialized with port(s): 3743 (http)
2019-06-11 16:47:50.636 - INFO  [  restartedMain] o.a.j.l.DirectJDKLog           : Initializing ProtocolHandler ["http-nio-3743"]
2019-06-11 16:47:50.645 - INFO  [  restartedMain] o.a.j.l.DirectJDKLog           : Starting service [Tomcat]
2019-06-11 16:47:50.646 - INFO  [  restartedMain] o.a.j.l.DirectJDKLog           : Starting Servlet engine: [Apache Tomcat/9.0.19]
2019-06-11 16:47:50.699 - INFO  [  restartedMain] o.a.j.l.DirectJDKLog           : Initializing Spring embedded WebApplicationContext
2019-06-11 16:47:50.699 - INFO  [  restartedMain] letWebServerApplicationContext : Root WebApplicationContext: initialization completed in 836 ms
2019-06-11 16:47:51.689 - INFO  [  restartedMain] c.ExecutorConfigurationSupport : Initializing ExecutorService 'applicationTaskExecutor'
2019-06-11 16:47:52.622 - INFO  [  restartedMain] b.d.a.OptionalLiveReloadServer : LiveReload server is running on port 35729
2019-06-11 16:47:52.653 - INFO  [  restartedMain] o.a.j.l.DirectJDKLog           : Starting ProtocolHandler ["http-nio-3743"]
2019-06-11 16:47:52.659 - INFO  [  restartedMain] o.s.b.w.e.t.TomcatWebServer    : Tomcat started on port(s): 3743 (http) with context path ''
2019-06-11 16:47:52.660 - INFO  [  restartedMain] o.s.b.StartupInfoLogger        : Started AppApplication in 2.846 seconds (JVM running for 620.071)
2019-06-11 16:47:52.662 - INFO  [  restartedMain] EvaluationDeltaLoggingListener : Condition evaluation unchanged
2019-06-11 16:48:02.381 - INFO  [      Thread-52] c.ExecutorConfigurationSupport : Shutting down ExecutorService 'applicationTaskExecutor'
2019-06-11 16:48:02.767 - INFO  [  restartedMain] o.s.b.StartupInfoLogger        : Starting AppApplication on DESKTOP-QC7GDRK with PID 8412 (started by coolhao in F:\Java项目\Libra)
2019-06-11 16:48:02.768 - INFO  [  restartedMain] o.s.b.SpringApplication        : No active profile set, falling back to default profiles: default
2019-06-11 16:48:03.597 - INFO  [  restartedMain] epositoryConfigurationDelegate : Multiple Spring Data modules found, entering strict repository configuration mode!
2019-06-11 16:48:03.598 - INFO  [  restartedMain] epositoryConfigurationDelegate : Bootstrapping Spring Data repositories in DEFAULT mode.
2019-06-11 16:48:03.607 - INFO  [  restartedMain] epositoryConfigurationDelegate : Finished Spring Data repository scanning in 8ms. Found 0 repository interfaces.
2019-06-11 16:48:03.789 - INFO  [  restartedMain] egate$BeanPostProcessorChecker : Bean 'org.springframework.transaction.annotation.ProxyTransactionManagementConfiguration' of type [org.springframework.transaction.annotation.ProxyTransactionManagementConfiguration$$EnhancerBySpringCGLIB$$1eb73f1c] is not eligible for getting processed by all BeanPostProcessors (for example: not eligible for auto-proxying)
2019-06-11 16:48:04.049 - INFO  [  restartedMain] o.s.b.w.e.t.TomcatWebServer    : Tomcat initialized with port(s): 3743 (http)
2019-06-11 16:48:04.050 - INFO  [  restartedMain] o.a.j.l.DirectJDKLog           : Initializing ProtocolHandler ["http-nio-3743"]
2019-06-11 16:48:04.050 - INFO  [  restartedMain] o.a.j.l.DirectJDKLog           : Starting service [Tomcat]
2019-06-11 16:48:04.050 - INFO  [  restartedMain] o.a.j.l.DirectJDKLog           : Starting Servlet engine: [Apache Tomcat/9.0.19]
2019-06-11 16:48:04.081 - INFO  [  restartedMain] o.a.j.l.DirectJDKLog           : Initializing Spring embedded WebApplicationContext
2019-06-11 16:48:04.082 - INFO  [  restartedMain] letWebServerApplicationContext : Root WebApplicationContext: initialization completed in 1312 ms
2019-06-11 16:48:04.624 - INFO  [  restartedMain] c.ExecutorConfigurationSupport : Initializing ExecutorService 'applicationTaskExecutor'
2019-06-11 16:48:06.110 - INFO  [  restartedMain] b.d.a.OptionalLiveReloadServer : LiveReload server is running on port 35729
2019-06-11 16:48:06.136 - INFO  [  restartedMain] o.a.j.l.DirectJDKLog           : Starting ProtocolHandler ["http-nio-3743"]
2019-06-11 16:48:06.142 - INFO  [  restartedMain] o.s.b.w.e.t.TomcatWebServer    : Tomcat started on port(s): 3743 (http) with context path ''
2019-06-11 16:48:06.143 - INFO  [  restartedMain] o.s.b.StartupInfoLogger        : Started AppApplication in 3.42 seconds (JVM running for 633.555)
2019-06-11 16:48:06.146 - INFO  [  restartedMain] EvaluationDeltaLoggingListener : Condition evaluation unchanged
2019-06-11 16:48:11.731 - INFO  [      Thread-58] c.ExecutorConfigurationSupport : Shutting down ExecutorService 'applicationTaskExecutor'
2019-06-11 16:48:12.251 - INFO  [  restartedMain] o.s.b.StartupInfoLogger        : Starting AppApplication on DESKTOP-QC7GDRK with PID 8412 (started by coolhao in F:\Java项目\Libra)
2019-06-11 16:48:12.252 - INFO  [  restartedMain] o.s.b.SpringApplication        : No active profile set, falling back to default profiles: default
2019-06-11 16:48:12.857 - INFO  [  restartedMain] epositoryConfigurationDelegate : Multiple Spring Data modules found, entering strict repository configuration mode!
2019-06-11 16:48:12.858 - INFO  [  restartedMain] epositoryConfigurationDelegate : Bootstrapping Spring Data repositories in DEFAULT mode.
2019-06-11 16:48:12.873 - INFO  [  restartedMain] epositoryConfigurationDelegate : Finished Spring Data repository scanning in 14ms. Found 0 repository interfaces.
2019-06-11 16:48:12.967 - INFO  [  restartedMain] egate$BeanPostProcessorChecker : Bean 'org.springframework.transaction.annotation.ProxyTransactionManagementConfiguration' of type [org.springframework.transaction.annotation.ProxyTransactionManagementConfiguration$$EnhancerBySpringCGLIB$$1eb73f1c] is not eligible for getting processed by all BeanPostProcessors (for example: not eligible for auto-proxying)
2019-06-11 16:48:13.248 - INFO  [  restartedMain] o.s.b.w.e.t.TomcatWebServer    : Tomcat initialized with port(s): 3743 (http)
2019-06-11 16:48:13.249 - INFO  [  restartedMain] o.a.j.l.DirectJDKLog           : Initializing ProtocolHandler ["http-nio-3743"]
2019-06-11 16:48:13.250 - INFO  [  restartedMain] o.a.j.l.DirectJDKLog           : Starting service [Tomcat]
2019-06-11 16:48:13.250 - INFO  [  restartedMain] o.a.j.l.DirectJDKLog           : Starting Servlet engine: [Apache Tomcat/9.0.19]
2019-06-11 16:48:13.282 - INFO  [  restartedMain] o.a.j.l.DirectJDKLog           : Initializing Spring embedded WebApplicationContext
2019-06-11 16:48:13.282 - INFO  [  restartedMain] letWebServerApplicationContext : Root WebApplicationContext: initialization completed in 1024 ms
2019-06-11 16:48:14.313 - INFO  [  restartedMain] c.ExecutorConfigurationSupport : Initializing ExecutorService 'applicationTaskExecutor'
2019-06-11 16:48:15.156 - INFO  [  restartedMain] b.d.a.OptionalLiveReloadServer : LiveReload server is running on port 35729
2019-06-11 16:48:15.211 - INFO  [  restartedMain] o.a.j.l.DirectJDKLog           : Starting ProtocolHandler ["http-nio-3743"]
2019-06-11 16:48:15.224 - INFO  [  restartedMain] o.s.b.w.e.t.TomcatWebServer    : Tomcat started on port(s): 3743 (http) with context path ''
2019-06-11 16:48:15.225 - INFO  [  restartedMain] o.s.b.StartupInfoLogger        : Started AppApplication in 3.056 seconds (JVM running for 642.637)
2019-06-11 16:48:15.228 - INFO  [  restartedMain] EvaluationDeltaLoggingListener : Condition evaluation unchanged
2019-06-11 16:48:17.450 - INFO  [nio-3743-exec-9] o.a.j.l.DirectJDKLog           : Initializing Spring DispatcherServlet 'dispatcherServlet'
2019-06-11 16:48:17.450 - INFO  [nio-3743-exec-9] o.s.w.s.FrameworkServlet       : Initializing Servlet 'dispatcherServlet'
2019-06-11 16:48:17.468 - INFO  [nio-3743-exec-9] o.s.w.s.FrameworkServlet       : Completed initialization in 18 ms
2019-06-11 16:51:07.561 - INFO  [      Thread-64] c.ExecutorConfigurationSupport : Shutting down ExecutorService 'applicationTaskExecutor'
2019-06-11 16:51:08.994 - INFO  [  restartedMain] o.s.b.StartupInfoLogger        : Starting AppApplication on DESKTOP-QC7GDRK with PID 8412 (started by coolhao in F:\Java项目\Libra)
2019-06-11 16:51:08.995 - INFO  [  restartedMain] o.s.b.SpringApplication        : No active profile set, falling back to default profiles: default
2019-06-11 16:51:09.428 - INFO  [  restartedMain] epositoryConfigurationDelegate : Multiple Spring Data modules found, entering strict repository configuration mode!
2019-06-11 16:51:09.428 - INFO  [  restartedMain] epositoryConfigurationDelegate : Bootstrapping Spring Data repositories in DEFAULT mode.
2019-06-11 16:51:09.442 - INFO  [  restartedMain] epositoryConfigurationDelegate : Finished Spring Data repository scanning in 13ms. Found 0 repository interfaces.
2019-06-11 16:51:09.507 - INFO  [  restartedMain] egate$BeanPostProcessorChecker : Bean 'org.springframework.transaction.annotation.ProxyTransactionManagementConfiguration' of type [org.springframework.transaction.annotation.ProxyTransactionManagementConfiguration$$EnhancerBySpringCGLIB$$1eb73f1c] is not eligible for getting processed by all BeanPostProcessors (for example: not eligible for auto-proxying)
2019-06-11 16:51:09.720 - INFO  [  restartedMain] o.s.b.w.e.t.TomcatWebServer    : Tomcat initialized with port(s): 3743 (http)
2019-06-11 16:51:09.721 - INFO  [  restartedMain] o.a.j.l.DirectJDKLog           : Initializing ProtocolHandler ["http-nio-3743"]
2019-06-11 16:51:09.721 - INFO  [  restartedMain] o.a.j.l.DirectJDKLog           : Starting service [Tomcat]
2019-06-11 16:51:09.721 - INFO  [  restartedMain] o.a.j.l.DirectJDKLog           : Starting Servlet engine: [Apache Tomcat/9.0.19]
2019-06-11 16:51:09.743 - INFO  [  restartedMain] o.a.j.l.DirectJDKLog           : Initializing Spring embedded WebApplicationContext
2019-06-11 16:51:09.744 - INFO  [  restartedMain] letWebServerApplicationContext : Root WebApplicationContext: initialization completed in 741 ms
2019-06-11 16:51:10.391 - INFO  [  restartedMain] c.ExecutorConfigurationSupport : Initializing ExecutorService 'applicationTaskExecutor'
2019-06-11 16:51:10.840 - INFO  [  restartedMain] b.d.a.OptionalLiveReloadServer : LiveReload server is running on port 35729
2019-06-11 16:51:10.868 - INFO  [  restartedMain] o.a.j.l.DirectJDKLog           : Starting ProtocolHandler ["http-nio-3743"]
2019-06-11 16:51:10.874 - INFO  [  restartedMain] o.s.b.w.e.t.TomcatWebServer    : Tomcat started on port(s): 3743 (http) with context path ''
2019-06-11 16:51:10.875 - INFO  [  restartedMain] o.s.b.StartupInfoLogger        : Started AppApplication in 1.969 seconds (JVM running for 818.286)
2019-06-11 16:51:10.877 - INFO  [  restartedMain] EvaluationDeltaLoggingListener : Condition evaluation unchanged
